#
# There is insufficient memory for the Java Runtime Environment to continue.
# Native memory allocation (mmap) failed to map 81264640 bytes for committing reserved memory.
# Possible reasons:
#   The system is out of physical RAM or swap space
#   In 32 bit mode, the process size limit was hit
# Possible solutions:
#   Reduce memory load on the system
#   Increase physical memory or swap space
#   Check if swap backing store is full
#   Use 64 bit Java on a 64 bit OS
#   Decrease Java heap size (-Xmx/-Xms)
#   Decrease number of Java threads
#   Decrease Java thread stack sizes (-Xss)
#   Set larger code cache with -XX:ReservedCodeCacheSize=
# This output file may be truncated or incomplete.
#
#  Out of Memory Error (os_linux.cpp:2627), pid=3509, tid=0x00007f3946fe0700
#
# JRE version: OpenJDK Runtime Environment (8.0_112-b06) (build 1.8.0_112-release-b06)
# Java VM: OpenJDK 64-Bit Server VM (25.112-b06 mixed mode linux-amd64 compressed oops)
# Failed to write core dump. Core dumps have been disabled. To enable core dumping, try "ulimit -c unlimited" before starting Java again
#

---------------  T H R E A D  ---------------

Current thread (0x00007f3960077000):  VMThread [stack: 0x00007f3946ee0000,0x00007f3946fe1000] [id=3517]

Stack: [0x00007f3946ee0000,0x00007f3946fe1000],  sp=0x00007f3946fdf490,  free space=1021k
Native frames: (J=compiled Java code, j=interpreted, Vv=VM code, C=native code)
V  [libjvm.so+0x9e465d]  VMError::report_and_die()+0x15d
V  [libjvm.so+0x4b6ada]  report_vm_out_of_memory(char const*, int, unsigned long, VMErrorType, char const*)+0x8a
V  [libjvm.so+0x84c860]  os::pd_commit_memory(char*, unsigned long, unsigned long, bool)+0xf0
V  [libjvm.so+0x84737f]  os::commit_memory(char*, unsigned long, unsigned long, bool)+0x1f
V  [libjvm.so+0x8bd3db]  PSVirtualSpace::expand_by(unsigned long)+0x5b
V  [libjvm.so+0x8ae1bb]  PSOldGen::expand_by(unsigned long) [clone .part.109]+0x1b
V  [libjvm.so+0x8ae37b]  PSOldGen::expand(unsigned long) [clone .part.111]+0xdb
V  [libjvm.so+0x8aec58]  PSOldGen::resize(unsigned long)+0x188
V  [libjvm.so+0x8b426c]  PSParallelCompact::invoke_no_policy(bool)+0x97c
V  [libjvm.so+0x8bb37d]  PSScavenge::invoke()+0x17d
V  [libjvm.so+0x86fcf3]  ParallelScavengeHeap::failed_mem_allocate(unsigned long)+0x63
V  [libjvm.so+0x9e6124]  VM_ParallelGCFailedAllocation::doit()+0x84
V  [libjvm.so+0x9ea537]  VM_Operation::evaluate()+0x47
V  [libjvm.so+0x9e8ff8]  VMThread::evaluate_operation(VM_Operation*)+0x2c8
V  [libjvm.so+0x9e9479]  VMThread::loop()+0x219
V  [libjvm.so+0x9e98c2]  VMThread::run()+0x72
V  [libjvm.so+0x849c82]  java_start(Thread*)+0xf2

VM_Operation (0x00007f38f50071e0): ParallelGCFailedAllocation, mode: safepoint, requested by thread 0x00007f38cc002800


---------------  P R O C E S S  ---------------

Java Threads: ( => current thread )
  0x00007f38d0016000 JavaThread "pool-67-thread-1" [_thread_blocked, id=4327, stack(0x00007f38cb9fa000,0x00007f38cbafb000)]
  0x00007f38d805a800 JavaThread "pool-49-thread-1" [_thread_blocked, id=4326, stack(0x00007f38f41e6000,0x00007f38f42e7000)]
  0x0000000001ffb000 JavaThread "pool-74-thread-4" [_thread_blocked, id=4325, stack(0x00007f38cb8f9000,0x00007f38cb9fa000)]
  0x0000000001ff6000 JavaThread "pool-74-thread-3" [_thread_blocked, id=4324, stack(0x00007f38f45ea000,0x00007f38f46eb000)]
  0x0000000001fea000 JavaThread "pool-74-thread-2" [_thread_blocked, id=4323, stack(0x00007f38cbeff000,0x00007f38cc000000)]
  0x0000000001ff8000 JavaThread "pool-75-thread-1" [_thread_blocked, id=4322, stack(0x00007f38f4bf0000,0x00007f38f4cf1000)]
  0x0000000001ff4800 JavaThread "pool-74-thread-1" [_thread_blocked, id=4321, stack(0x00007f38f40e5000,0x00007f38f41e6000)]
  0x00007f38cc03b800 JavaThread "pool-71-thread-2" [_thread_blocked, id=4318, stack(0x00007f38f48ed000,0x00007f38f49ee000)]
  0x00007f38cc037800 JavaThread "pool-72-thread-1" [_thread_blocked, id=4317, stack(0x00007f38cbcfd000,0x00007f38cbdfe000)]
  0x00007f38dc017000 JavaThread "pool-6-thread-4" [_thread_blocked, id=4204, stack(0x00007f38f4d07000,0x00007f38f4e08000)]
  0x00007f38e0008800 JavaThread "pool-6-thread-3" [_thread_blocked, id=4203, stack(0x00007f38f4e08000,0x00007f38f4f09000)]
  0x00007f38cc002800 JavaThread "pool-6-thread-2" [_thread_blocked, id=4202, stack(0x00007f38f4f09000,0x00007f38f500a000)]
  0x00007f38d0003000 JavaThread "pool-6-thread-1" [_thread_blocked, id=4201, stack(0x00007f38f540c000,0x00007f38f550d000)]
  0x00007f390c1a9800 JavaThread "pool-3-thread-4" [_thread_blocked, id=4200, stack(0x00007f38f520a000,0x00007f38f530b000)]
  0x00007f390c1a9000 JavaThread "pool-3-thread-3" [_thread_blocked, id=4199, stack(0x00007f38f530b000,0x00007f38f540c000)]
  0x00007f390c1be800 JavaThread "pool-3-thread-2" [_thread_blocked, id=4198, stack(0x00007f38f550d000,0x00007f38f560e000)]
  0x00007f390c1bd800 JavaThread "pool-3-thread-1" [_thread_blocked, id=4197, stack(0x00007f38f560e000,0x00007f38f570f000)]
  0x00007f38e0001000 JavaThread "process reaper" daemon [_thread_blocked, id=4191, stack(0x00007f38f77c7000,0x00007f38f7800000)]
  0x00007f390c03f800 JavaThread "Cache update executor" [_thread_blocked, id=4187, stack(0x00007f38f5d0f000,0x00007f38f5e10000)]
  0x00007f390c01b000 JavaThread "Stdin handler" [_thread_blocked, id=4171, stack(0x00007f3944096000,0x00007f3944197000)]
  0x00007f390c01a800 JavaThread "Asynchronous log dispatcher for DefaultDaemonConnection: socket connection from /127.0.0.1:42534 to /127.0.0.1:56590" [_thread_blocked, id=4170, stack(0x00007f3944197000,0x00007f3944298000)]
  0x00007f3908009000 JavaThread "Daemon worker Thread 2" [_thread_blocked, id=4167, stack(0x00007f3944399000,0x00007f394449a000)]
  0x00007f3908008000 JavaThread "Cancel handler" [_thread_blocked, id=4166, stack(0x00007f394479b000,0x00007f394489c000)]
  0x00007f3908005800 JavaThread "Handler for socket connection from /127.0.0.1:42534 to /127.0.0.1:56590" [_thread_in_native, id=4165, stack(0x00007f3944298000,0x00007f3944399000)]
  0x00007f3914017800 JavaThread "Daemon Thread 2" [_thread_blocked, id=4164, stack(0x00007f394489c000,0x00007f394499d000)]
  0x00007f38f826d800 JavaThread "pool-2-thread-1" [_thread_blocked, id=3541, stack(0x00007f38f6c10000,0x00007f38f6d11000)]
  0x00007f38f8b3c800 JavaThread "File lock request listener" [_thread_in_native, id=3539, stack(0x00007f38f6f11000,0x00007f38f7012000)]
  0x00007f3960d92000 JavaThread "pool-1-thread-1" [_thread_blocked, id=3530, stack(0x00007f394449a000,0x00007f394459b000)]
  0x00007f3960d32800 JavaThread "Incoming local TCP Connector on port 42534" [_thread_in_native, id=3527, stack(0x00007f3944ba4000,0x00007f3944ca5000)]
  0x00007f39600c7800 JavaThread "Service Thread" daemon [_thread_blocked, id=3524, stack(0x00007f39460f7000,0x00007f39461f8000)]
  0x00007f39600bc000 JavaThread "C1 CompilerThread2" daemon [_thread_blocked, id=3523, stack(0x00007f39461f8000,0x00007f39462f9000)]
  0x00007f39600ba800 JavaThread "C2 CompilerThread1" daemon [_thread_blocked, id=3522, stack(0x00007f39462f9000,0x00007f39463fa000)]
  0x00007f39600b7800 JavaThread "C2 CompilerThread0" daemon [_thread_blocked, id=3521, stack(0x00007f39463fa000,0x00007f39464fb000)]
  0x00007f39600b6000 JavaThread "Signal Dispatcher" daemon [_thread_blocked, id=3520, stack(0x00007f39464fb000,0x00007f39465fc000)]
  0x00007f3960083800 JavaThread "Finalizer" daemon [_thread_blocked, id=3519, stack(0x00007f3946cde000,0x00007f3946ddf000)]
  0x00007f396007f000 JavaThread "Reference Handler" daemon [_thread_blocked, id=3518, stack(0x00007f3946ddf000,0x00007f3946ee0000)]
  0x00007f396000a000 JavaThread "main" [_thread_blocked, id=3510, stack(0x00007f396676c000,0x00007f396686d000)]

Other Threads:
=>0x00007f3960077000 VMThread [stack: 0x00007f3946ee0000,0x00007f3946fe1000] [id=3517]
  0x00007f39600ca000 WatcherThread [stack: 0x00007f3945ff6000,0x00007f39460f7000] [id=3525]

VM state:at safepoint (normal execution)

VM Mutex/Monitor currently owned by a thread:  ([mutex/lock_event])
[0x00007f3960005c90] ExpandHeap_lock - owner thread: 0x00007f3960077000
[0x00007f3960006310] Threads_lock - owner thread: 0x00007f3960077000
[0x00007f3960006810] Heap_lock - owner thread: 0x00007f38cc002800

Heap:
 PSYoungGen      total 442880K, used 0K [0x00000000e0000000, 0x0000000100000000, 0x0000000100000000)
  eden space 397312K, 0% used [0x00000000e0000000,0x00000000e0000000,0x00000000f8400000)
  from space 45568K, 0% used [0x00000000fd380000,0x00000000fd380000,0x0000000100000000)
  to   space 63488K, 0% used [0x00000000f8400000,0x00000000f8400000,0x00000000fc200000)
 ParOldGen       total 108544K, used 95014K [0x00000000a0000000, 0x00000000a6a00000, 0x00000000e0000000)
  object space 108544K, 87% used [0x00000000a0000000,0x00000000a5cc9938,0x00000000a6a00000)
 Metaspace       used 58580K, capacity 60406K, committed 61080K, reserved 1101824K
  class space    used 7580K, capacity 7938K, committed 8112K, reserved 1048576K

Card table byte_map: [0x00007f395030b000,0x00007f395060c000] byte_map_base: 0x00007f394fe0b000

Marking Bits: (ParMarkBitMap*) 0x00007f3965c43340
 Begin Bits: [0x00007f394cd07000, 0x00007f394e507000)
 End Bits:   [0x00007f394e507000, 0x00007f394fd07000)

Polling page: 0x00007f396688f000

CodeCache: size=245760Kb used=27517Kb max_used=27535Kb free=218242Kb
 bounds [0x00007f39509cc000, 0x00007f39524dc000, 0x00007f395f9cc000]
 total_blobs=9611 nmethods=8845 adapters=680
 compilation: enabled

Compilation events (10 events):
Event: 1558.819 Thread 0x00007f39600bc000 12526       2       com.android.dx.dex.code.form.Form3rc::isCompatible (113 bytes)
Event: 1558.824 Thread 0x00007f39600bc000 nmethod 12526 0x00007f39521ea850 code [0x00007f39521eaa20, 0x00007f39521eaf58]
Event: 1558.824 Thread 0x00007f39600bc000 12527       2       com.android.dx.dex.code.InsnFormat::isRegListSequential (67 bytes)
Event: 1558.829 Thread 0x00007f39600bc000 nmethod 12527 0x00007f39521ea050 code [0x00007f39521ea200, 0x00007f39521ea518]
Event: 1558.840 Thread 0x00007f39600bc000 12528       2       com.android.dx.dex.file.AnnotationItem::compareTo0 (17 bytes)
Event: 1558.840 Thread 0x00007f39600bc000 nmethod 12528 0x00007f39521e9c10 code [0x00007f39521e9d80, 0x00007f39521e9f28]
Event: 1558.840 Thread 0x00007f39600bc000 12529       2       com.android.dx.dex.file.UniformListItem::addContents (38 bytes)
Event: 1558.842 Thread 0x00007f39600bc000 nmethod 12529 0x00007f39521e9650 code [0x00007f39521e9800, 0x00007f39521e9a98]
Event: 1558.842 Thread 0x00007f39600bc000 12530       2       com.android.dx.dex.file.AnnotationSetRefItem::addContents (21 bytes)
Event: 1558.844 Thread 0x00007f39600bc000 nmethod 12530 0x00007f39521e91d0 code [0x00007f39521e9340, 0x00007f39521e9528]

GC Heap History (10 events):
Event: 1537.762 GC heap after
Heap after GC invocations=13 (full 2):
 PSYoungGen      total 343040K, used 14452K [0x00000000e0000000, 0x00000000fde80000, 0x0000000100000000)
  eden space 320512K, 0% used [0x00000000e0000000,0x00000000e0000000,0x00000000f3900000)
  from space 22528K, 64% used [0x00000000f3900000,0x00000000f471d0c0,0x00000000f4f00000)
  to   space 22528K, 0% used [0x00000000fc880000,0x00000000fc880000,0x00000000fde80000)
 ParOldGen       total 68096K, used 34531K [0x00000000a0000000, 0x00000000a4280000, 0x00000000e0000000)
  object space 68096K, 50% used [0x00000000a0000000,0x00000000a21b8ec0,0x00000000a4280000)
 Metaspace       used 57130K, capacity 59082K, committed 59160K, reserved 1099776K
  class space    used 7540K, capacity 7932K, committed 7984K, reserved 1048576K
}
Event: 1537.762 GC heap before
{Heap before GC invocations=14 (full 3):
 PSYoungGen      total 343040K, used 14452K [0x00000000e0000000, 0x00000000fde80000, 0x0000000100000000)
  eden space 320512K, 0% used [0x00000000e0000000,0x00000000e0000000,0x00000000f3900000)
  from space 22528K, 64% used [0x00000000f3900000,0x00000000f471d0c0,0x00000000f4f00000)
  to   space 22528K, 0% used [0x00000000fc880000,0x00000000fc880000,0x00000000fde80000)
 ParOldGen       total 68096K, used 34531K [0x00000000a0000000, 0x00000000a4280000, 0x00000000e0000000)
  object space 68096K, 50% used [0x00000000a0000000,0x00000000a21b8ec0,0x00000000a4280000)
 Metaspace       used 57130K, capacity 59082K, committed 59160K, reserved 1099776K
  class space    used 7540K, capacity 7932K, committed 7984K, reserved 1048576K
Event: 1538.737 GC heap after
Heap after GC invocations=14 (full 3):
 PSYoungGen      total 343040K, used 0K [0x00000000e0000000, 0x00000000fde80000, 0x0000000100000000)
  eden space 320512K, 0% used [0x00000000e0000000,0x00000000e0000000,0x00000000f3900000)
  from space 22528K, 0% used [0x00000000f3900000,0x00000000f3900000,0x00000000f4f00000)
  to   space 22528K, 0% used [0x00000000fc880000,0x00000000fc880000,0x00000000fde80000)
 ParOldGen       total 103936K, used 39643K [0x00000000a0000000, 0x00000000a6580000, 0x00000000e0000000)
  object space 103936K, 38% used [0x00000000a0000000,0x00000000a26b6ce0,0x00000000a6580000)
 Metaspace       used 57116K, capacity 59048K, committed 59160K, reserved 1099776K
  class space    used 7535K, capacity 7923K, committed 7984K, reserved 1048576K
}
Event: 1546.004 GC heap before
{Heap before GC invocations=15 (full 3):
 PSYoungGen      total 343040K, used 320512K [0x00000000e0000000, 0x00000000fde80000, 0x0000000100000000)
  eden space 320512K, 100% used [0x00000000e0000000,0x00000000f3900000,0x00000000f3900000)
  from space 22528K, 0% used [0x00000000f3900000,0x00000000f3900000,0x00000000f4f00000)
  to   space 22528K, 0% used [0x00000000fc880000,0x00000000fc880000,0x00000000fde80000)
 ParOldGen       total 103936K, used 39643K [0x00000000a0000000, 0x00000000a6580000, 0x00000000e0000000)
  object space 103936K, 38% used [0x00000000a0000000,0x00000000a26b6ce0,0x00000000a6580000)
 Metaspace       used 58280K, capacity 60298K, committed 60568K, reserved 1101824K
  class space    used 7621K, capacity 8020K, committed 8112K, reserved 1048576K
Event: 1546.213 GC heap after
Heap after GC invocations=15 (full 3):
 PSYoungGen      total 457728K, used 22501K [0x00000000e0000000, 0x00000000ffd00000, 0x0000000100000000)
  eden space 435200K, 0% used [0x00000000e0000000,0x00000000e0000000,0x00000000fa900000)
  from space 22528K, 99% used [0x00000000fc880000,0x00000000fde796b8,0x00000000fde80000)
  to   space 32256K, 0% used [0x00000000fa900000,0x00000000fa900000,0x00000000fc880000)
 ParOldGen       total 103936K, used 57550K [0x00000000a0000000, 0x00000000a6580000, 0x00000000e0000000)
  object space 103936K, 55% used [0x00000000a0000000,0x00000000a3833b70,0x00000000a6580000)
 Metaspace       used 58280K, capacity 60298K, committed 60568K, reserved 1101824K
  class space    used 7621K, capacity 8020K, committed 8112K, reserved 1048576K
}
Event: 1553.026 GC heap before
{Heap before GC invocations=16 (full 3):
 PSYoungGen      total 457728K, used 457701K [0x00000000e0000000, 0x00000000ffd00000, 0x0000000100000000)
  eden space 435200K, 100% used [0x00000000e0000000,0x00000000fa900000,0x00000000fa900000)
  from space 22528K, 99% used [0x00000000fc880000,0x00000000fde796b8,0x00000000fde80000)
  to   space 32256K, 0% used [0x00000000fa900000,0x00000000fa900000,0x00000000fc880000)
 ParOldGen       total 103936K, used 57550K [0x00000000a0000000, 0x00000000a6580000, 0x00000000e0000000)
  object space 103936K, 55% used [0x00000000a0000000,0x00000000a3833b70,0x00000000a6580000)
 Metaspace       used 58638K, capacity 60618K, committed 60824K, reserved 1101824K
  class space    used 7624K, capacity 8020K, committed 8112K, reserved 1048576K
Event: 1553.500 GC heap after
Heap after GC invocations=16 (full 3):
 PSYoungGen      total 467456K, used 32229K [0x00000000e0000000, 0x0000000100000000, 0x0000000100000000)
  eden space 435200K, 0% used [0x00000000e0000000,0x00000000e0000000,0x00000000fa900000)
  from space 32256K, 99% used [0x00000000fa900000,0x00000000fc879610,0x00000000fc880000)
  to   space 45568K, 0% used [0x00000000fd380000,0x00000000fd380000,0x0000000100000000)
 ParOldGen       total 103936K, used 80002K [0x00000000a0000000, 0x00000000a6580000, 0x00000000e0000000)
  object space 103936K, 76% used [0x00000000a0000000,0x00000000a4e20988,0x00000000a6580000)
 Metaspace       used 58638K, capacity 60618K, committed 60824K, reserved 1101824K
  class space    used 7624K, capacity 8020K, committed 8112K, reserved 1048576K
}
Event: 1558.873 GC heap before
{Heap before GC invocations=17 (full 3):
 PSYoungGen      total 467456K, used 467429K [0x00000000e0000000, 0x0000000100000000, 0x0000000100000000)
  eden space 435200K, 100% used [0x00000000e0000000,0x00000000fa900000,0x00000000fa900000)
  from space 32256K, 99% used [0x00000000fa900000,0x00000000fc879610,0x00000000fc880000)
  to   space 45568K, 0% used [0x00000000fd380000,0x00000000fd380000,0x0000000100000000)
 ParOldGen       total 103936K, used 80002K [0x00000000a0000000, 0x00000000a6580000, 0x00000000e0000000)
  object space 103936K, 76% used [0x00000000a0000000,0x00000000a4e20988,0x00000000a6580000)
 Metaspace       used 58868K, capacity 60874K, committed 61080K, reserved 1101824K
  class space    used 7625K, capacity 8020K, committed 8112K, reserved 1048576K
Event: 1560.421 GC heap after
Heap after GC invocations=17 (full 3):
 PSYoungGen      total 442880K, used 45545K [0x00000000e0000000, 0x0000000100000000, 0x0000000100000000)
  eden space 397312K, 0% used [0x00000000e0000000,0x00000000e0000000,0x00000000f8400000)
  from space 45568K, 99% used [0x00000000fd380000,0x00000000ffffa600,0x0000000100000000)
  to   space 63488K, 0% used [0x00000000f8400000,0x00000000f8400000,0x00000000fc200000)
 ParOldGen       total 108544K, used 108397K [0x00000000a0000000, 0x00000000a6a00000, 0x00000000e0000000)
  object space 108544K, 99% used [0x00000000a0000000,0x00000000a69db730,0x00000000a6a00000)
 Metaspace       used 58868K, capacity 60874K, committed 61080K, reserved 1101824K
  class space    used 7625K, capacity 8020K, committed 8112K, reserved 1048576K
}
Event: 1560.918 GC heap before
{Heap before GC invocations=18 (full 4):
 PSYoungGen      total 442880K, used 45545K [0x00000000e0000000, 0x0000000100000000, 0x0000000100000000)
  eden space 397312K, 0% used [0x00000000e0000000,0x00000000e0000000,0x00000000f8400000)
  from space 45568K, 99% used [0x00000000fd380000,0x00000000ffffa600,0x0000000100000000)
  to   space 63488K, 0% used [0x00000000f8400000,0x00000000f8400000,0x00000000fc200000)
 ParOldGen       total 108544K, used 108397K [0x00000000a0000000, 0x00000000a6a00000, 0x00000000e0000000)
  object space 108544K, 99% used [0x00000000a0000000,0x00000000a69db730,0x00000000a6a00000)
 Metaspace       used 58868K, capacity 60874K, committed 61080K, reserved 1101824K
  class space    used 7625K, capacity 8020K, committed 8112K, reserved 1048576K

Deoptimization events (10 events):
Event: 1540.560 Thread 0x00007f38d8060000 Uncommon trap: reason=unstable_if action=reinterpret pc=0x00007f39516f7c5c method=com.android.dx.rop.cst.Constant.compareTo(Lcom/android/dx/rop/cst/Constant;)I @ 12
Event: 1540.594 Thread 0x00007f38d8058000 Uncommon trap: reason=class_check action=maybe_recompile pc=0x00007f39513fcd3c method=com.android.dx.ssa.NormalSsaInsn.accept(Lcom/android/dx/ssa/SsaInsn$Visitor;)V @ 9
Event: 1542.558 Thread 0x00007f38e0008800 Uncommon trap: reason=unstable_if action=reinterpret pc=0x00007f3951cebf28 method=java.util.concurrent.locks.AbstractQueuedSynchronizer.acquireQueued(Ljava/util/concurrent/locks/AbstractQueuedSynchronizer$Node;I)Z @ 17
Event: 1543.534 Thread 0x00007f38d001e000 Uncommon trap: reason=unstable_if action=reinterpret pc=0x00007f395219eab0 method=com.android.dx.ssa.SsaRenamer$BlockRenamer.visitMoveInsn(Lcom/android/dx/ssa/NormalSsaInsn;)V @ 104
Event: 1547.503 Thread 0x00007f38d8060000 Uncommon trap: reason=unstable_if action=reinterpret pc=0x00007f3951cdc86c method=java.util.concurrent.ConcurrentHashMap.putVal(Ljava/lang/Object;Ljava/lang/Object;Z)Ljava/lang/Object; @ 331
Event: 1549.002 Thread 0x0000000001fe8800 Uncommon trap: reason=unstable_if action=reinterpret pc=0x00007f3951067210 method=java.util.HashMap.getNode(ILjava/lang/Object;)Ljava/util/HashMap$Node; @ 84
Event: 1554.122 Thread 0x00007f38d0023000 Uncommon trap: reason=unstable_if action=reinterpret pc=0x00007f3952400b58 method=com.android.dx.ssa.SsaMethod.getExitBlock()Lcom/android/dx/ssa/SsaBasicBlock; @ 4
Event: 1554.122 Thread 0x00007f38d0023000 Uncommon trap: reason=unstable_if action=reinterpret pc=0x00007f39512185d8 method=com.android.dx.ssa.SsaMethod.getExitBlock()Lcom/android/dx/ssa/SsaBasicBlock; @ 4
Event: 1555.945 Thread 0x0000000001ff4800 Uncommon trap: reason=unstable_if action=reinterpret pc=0x00007f395219301c method=java.lang.Long.numberOfTrailingZeros(J)I @ 3
Event: 1557.716 Thread 0x00007f38d0017800 Uncommon trap: reason=unstable_if action=reinterpret pc=0x00007f39510c1840 method=java.util.HashMap.getNode(ILjava/lang/Object;)Ljava/util/HashMap$Node; @ 84

Internal exceptions (10 events):
Event: 1533.971 Thread 0x00007f390c03f800 Exception <a 'java/lang/NoSuchMethodError': <clinit>> (0x00000000e0fdf988) thrown at [/ssd/Android/AOSP-openjdk/external/jetbrains/jdk/hotspot/src/share/vm/prims/jni.cpp, line 1613]
Event: 1539.929 Thread 0x00007f38d0003000 Implicit null exception at 0x00007f39513d701d to 0x00007f39513d7a85
Event: 1540.503 Thread 0x00007f38d8060000 Implicit null exception at 0x00007f3951ab3f66 to 0x00007f3951ab4d05
Event: 1543.505 Thread 0x00007f390c1bd800 Exception <a 'sun/nio/fs/UnixException'> (0x00000000e9c3c918) thrown at [/ssd/Android/AOSP-openjdk/external/jetbrains/jdk/hotspot/src/share/vm/prims/jni.cpp, line 709]
Event: 1543.756 Thread 0x00007f390c1bd800 Exception <a 'sun/nio/fs/UnixException'> (0x00000000e9c6a538) thrown at [/ssd/Android/AOSP-openjdk/external/jetbrains/jdk/hotspot/src/share/vm/prims/jni.cpp, line 709]
Event: 1548.710 Thread 0x00007f390c1bd800 Exception <a 'sun/nio/fs/UnixException'> (0x00000000eac734c0) thrown at [/ssd/Android/AOSP-openjdk/external/jetbrains/jdk/hotspot/src/share/vm/prims/jni.cpp, line 709]
Event: 1549.060 Thread 0x00007f390c1a9800 Exception <a 'sun/nio/fs/UnixException'> (0x00000000e0ce92f8) thrown at [/ssd/Android/AOSP-openjdk/external/jetbrains/jdk/hotspot/src/share/vm/prims/jni.cpp, line 709]
Event: 1552.166 Thread 0x00007f390c1be800 Exception <a 'sun/nio/fs/UnixException'> (0x00000000f8351720) thrown at [/ssd/Android/AOSP-openjdk/external/jetbrains/jdk/hotspot/src/share/vm/prims/jni.cpp, line 709]
Event: 1553.800 Thread 0x00007f390c1bd800 Exception <a 'sun/nio/fs/UnixException'> (0x00000000e1199ce0) thrown at [/ssd/Android/AOSP-openjdk/external/jetbrains/jdk/hotspot/src/share/vm/prims/jni.cpp, line 709]
Event: 1557.467 Thread 0x00007f390c1a9000 Exception <a 'sun/nio/fs/UnixException'> (0x00000000f1693480) thrown at [/ssd/Android/AOSP-openjdk/external/jetbrains/jdk/hotspot/src/share/vm/prims/jni.cpp, line 709]

Events (10 events):
Event: 1558.805 Thread 0x00007f38cc002800 DEOPT UNPACKING pc=0x00007f3950a12f73 sp=0x00007f38f5007298 mode 0
Event: 1558.809 Thread 0x00007f38cc03b800 DEOPT PACKING pc=0x00007f3950aedf48 sp=0x00007f38f49ebed0
Event: 1558.809 Thread 0x00007f38cc03b800 DEOPT UNPACKING pc=0x00007f3950a12f73 sp=0x00007f38f49ebc58 mode 0
Event: 1558.813 Thread 0x0000000001fea000 DEOPT PACKING pc=0x00007f39513fb828 sp=0x00007f38cbffd400
Event: 1558.813 Thread 0x0000000001fea000 DEOPT UNPACKING pc=0x00007f3950a12f73 sp=0x00007f38cbffd140 mode 0
Event: 1558.815 Executing VM operation: RevokeBias
Event: 1558.818 Executing VM operation: RevokeBias done
Event: 1558.838 Thread 0x00007f38cc03b800 DEOPT PACKING pc=0x00007f3951e5a747 sp=0x00007f38f49ebd70
Event: 1558.838 Thread 0x00007f38cc03b800 DEOPT UNPACKING pc=0x00007f3950a12f73 sp=0x00007f38f49ebad8 mode 0
Event: 1558.870 Executing VM operation: ParallelGCFailedAllocation


Dynamic libraries:
00400000-00401000 r-xp 00000000 08:07 1596718                            /usr/local/android-studio/jre/bin/java
00600000-00601000 r--p 00000000 08:07 1596718                            /usr/local/android-studio/jre/bin/java
00601000-00602000 rw-p 00001000 08:07 1596718                            /usr/local/android-studio/jre/bin/java
01fc8000-020da000 rw-p 00000000 00:00 0                                  [heap]
a0000000-a6a00000 rw-p 00000000 00:00 0 
ab780000-e0000000 ---p 00000000 00:00 0 
e0000000-100000000 rw-p 00000000 00:00 0 
100000000-1007ec000 rw-p 00000000 00:00 0 
1007ec000-140000000 ---p 00000000 00:00 0 
7f38cb5f8000-7f38cb7b8000 rw-p 00000000 00:00 0 
7f38cb7b8000-7f38cb7fb000 ---p 00000000 00:00 0 
7f38cb7fb000-7f38cb8f9000 rw-p 00000000 00:00 0 
7f38cb8f9000-7f38cb8fc000 ---p 00000000 00:00 0 
7f38cb8fc000-7f38cb9fa000 rw-p 00000000 00:00 0                          [stack:4325]
7f38cb9fa000-7f38cb9fd000 ---p 00000000 00:00 0 
7f38cb9fd000-7f38cbafb000 rw-p 00000000 00:00 0                          [stack:4327]
7f38cbafb000-7f38cbafe000 ---p 00000000 00:00 0 
7f38cbafe000-7f38cbbfc000 rw-p 00000000 00:00 0 
7f38cbbfc000-7f38cbbff000 ---p 00000000 00:00 0 
7f38cbbff000-7f38cbcfd000 rw-p 00000000 00:00 0 
7f38cbcfd000-7f38cbd00000 ---p 00000000 00:00 0 
7f38cbd00000-7f38cbdfe000 rw-p 00000000 00:00 0                          [stack:4317]
7f38cbdfe000-7f38cbe01000 ---p 00000000 00:00 0 
7f38cbe01000-7f38cbeff000 rw-p 00000000 00:00 0 
7f38cbeff000-7f38cbf02000 ---p 00000000 00:00 0 
7f38cbf02000-7f38cc000000 rw-p 00000000 00:00 0                          [stack:4323]
7f38cc000000-7f38cc061000 rw-p 00000000 00:00 0 
7f38cc061000-7f38d0000000 ---p 00000000 00:00 0 
7f38d0000000-7f38d006f000 rw-p 00000000 00:00 0 
7f38d006f000-7f38d4000000 ---p 00000000 00:00 0 
7f38d4000000-7f38d4031000 rw-p 00000000 00:00 0 
7f38d4031000-7f38d8000000 ---p 00000000 00:00 0 
7f38d8000000-7f38d808a000 rw-p 00000000 00:00 0 
7f38d808a000-7f38dc000000 ---p 00000000 00:00 0 
7f38dc000000-7f38dc05b000 rw-p 00000000 00:00 0 
7f38dc05b000-7f38e0000000 ---p 00000000 00:00 0 
7f38e0000000-7f38e003b000 rw-p 00000000 00:00 0 
7f38e003b000-7f38e4000000 ---p 00000000 00:00 0 
7f38e4000000-7f38e4021000 rw-p 00000000 00:00 0 
7f38e4021000-7f38e8000000 ---p 00000000 00:00 0 
7f38e8000000-7f38e8021000 rw-p 00000000 00:00 0 
7f38e8021000-7f38ec000000 ---p 00000000 00:00 0 
7f38ec000000-7f38ec021000 rw-p 00000000 00:00 0 
7f38ec021000-7f38f0000000 ---p 00000000 00:00 0 
7f38f0000000-7f38f0021000 rw-p 00000000 00:00 0 
7f38f0021000-7f38f4000000 ---p 00000000 00:00 0 
7f38f40e5000-7f38f40e8000 ---p 00000000 00:00 0 
7f38f40e8000-7f38f41e6000 rw-p 00000000 00:00 0                          [stack:4321]
7f38f41e6000-7f38f41e9000 ---p 00000000 00:00 0 
7f38f41e9000-7f38f42e7000 rw-p 00000000 00:00 0                          [stack:4326]
7f38f42e7000-7f38f42ea000 ---p 00000000 00:00 0 
7f38f42ea000-7f38f43e8000 rw-p 00000000 00:00 0 
7f38f43e8000-7f38f43eb000 ---p 00000000 00:00 0 
7f38f43eb000-7f38f44e9000 rw-p 00000000 00:00 0 
7f38f44e9000-7f38f44ec000 ---p 00000000 00:00 0 
7f38f44ec000-7f38f45ea000 rw-p 00000000 00:00 0 
7f38f45ea000-7f38f45ed000 ---p 00000000 00:00 0 
7f38f45ed000-7f38f46eb000 rw-p 00000000 00:00 0                          [stack:4324]
7f38f46eb000-7f38f46ee000 ---p 00000000 00:00 0 
7f38f46ee000-7f38f47ec000 rw-p 00000000 00:00 0 
7f38f47ec000-7f38f47ef000 ---p 00000000 00:00 0 
7f38f47ef000-7f38f48ed000 rw-p 00000000 00:00 0 
7f38f48ed000-7f38f48f0000 ---p 00000000 00:00 0 
7f38f48f0000-7f38f49ee000 rw-p 00000000 00:00 0                          [stack:4318]
7f38f49ee000-7f38f49f1000 ---p 00000000 00:00 0 
7f38f49f1000-7f38f4aef000 rw-p 00000000 00:00 0 
7f38f4aef000-7f38f4af2000 ---p 00000000 00:00 0 
7f38f4af2000-7f38f4bf0000 rw-p 00000000 00:00 0 
7f38f4bf0000-7f38f4bf3000 ---p 00000000 00:00 0 
7f38f4bf3000-7f38f4cf1000 rw-p 00000000 00:00 0                          [stack:4322]
7f38f4d07000-7f38f4d0a000 ---p 00000000 00:00 0 
7f38f4d0a000-7f38f4e08000 rw-p 00000000 00:00 0                          [stack:4204]
7f38f4e08000-7f38f4e0b000 ---p 00000000 00:00 0 
7f38f4e0b000-7f38f4f09000 rw-p 00000000 00:00 0                          [stack:4203]
7f38f4f09000-7f38f4f0c000 ---p 00000000 00:00 0 
7f38f4f0c000-7f38f5204000 rw-p 00000000 00:00 0                          [stack:4202]
7f38f5204000-7f38f520a000 ---p 00000000 00:00 0 
7f38f520a000-7f38f520d000 ---p 00000000 00:00 0 
7f38f520d000-7f38f530b000 rw-p 00000000 00:00 0                          [stack:4200]
7f38f530b000-7f38f530e000 ---p 00000000 00:00 0 
7f38f530e000-7f38f540c000 rw-p 00000000 00:00 0                          [stack:4199]
7f38f540c000-7f38f540f000 ---p 00000000 00:00 0 
7f38f540f000-7f38f550d000 rw-p 00000000 00:00 0                          [stack:4201]
7f38f550d000-7f38f5510000 ---p 00000000 00:00 0 
7f38f5510000-7f38f560e000 rw-p 00000000 00:00 0                          [stack:4198]
7f38f560e000-7f38f5611000 ---p 00000000 00:00 0 
7f38f5611000-7f38f590f000 rw-p 00000000 00:00 0                          [stack:4197]
7f38f590f000-7f38f5b0f000 rw-p 00000000 00:00 0 
7f38f5b0f000-7f38f5d0f000 rw-p 00000000 00:00 0 
7f38f5d0f000-7f38f5d12000 ---p 00000000 00:00 0 
7f38f5d12000-7f38f6010000 rw-p 00000000 00:00 0                          [stack:4187]
7f38f6010000-7f38f6210000 rw-p 00000000 00:00 0 
7f38f6210000-7f38f6410000 rw-p 00000000 00:00 0 
7f38f6410000-7f38f6610000 rw-p 00000000 00:00 0 
7f38f6610000-7f38f6810000 rw-p 00000000 00:00 0 
7f38f6810000-7f38f6a10000 rw-p 00000000 00:00 0 
7f38f6a10000-7f38f6c10000 rw-p 00000000 00:00 0 
7f38f6c10000-7f38f6c13000 ---p 00000000 00:00 0 
7f38f6c13000-7f38f6f11000 rw-p 00000000 00:00 0                          [stack:3541]
7f38f6f11000-7f38f6f14000 ---p 00000000 00:00 0 
7f38f6f14000-7f38f7012000 rw-p 00000000 00:00 0                          [stack:3539]
7f38f7019000-7f38f7024000 r--s 0009f000 08:07 1477191                    /home/abhishek/.android/build-cache/017c4c198f8ee005e16186b0ca1a6f32c880da04/output/jars/classes.jar
7f38f7028000-7f38f7029000 rw-p 00000000 00:00 0 
7f38f7029000-7f38f703c000 r--s 00344000 08:07 1732746                    /usr/local/android-studio/jre/jre/lib/resources.jar
7f38f703c000-7f38f703d000 r--s 00001000 08:07 1206641                    /home/abhishek/.gradle/caches/jars-2/7c4c8dw4bn3s8grc5kz09cv28jy9yn3/annotations-25.3.0.jar
7f38f703d000-7f38f7045000 r--s 000a8000 08:07 1206639                    /home/abhishek/.gradle/caches/jars-2/lp0h431tl0554nh1vx6zomcvteflkp/lombok-ast-0.2.3.jar
7f38f7045000-7f38f7059000 r--s 000b4000 08:07 1206637                    /home/abhishek/.gradle/caches/jars-2/igzbti8te04ygk32hg4q3ljfkkkzmlr/uast-162.2228.14.jar
7f38f7059000-7f38f705b000 r--s 0000d000 08:07 1206635                    /home/abhishek/.gradle/caches/jars-2/7pwz1bowgakb1eux9ezb56jlturgsyi/commons-codec-1.4.jar
7f38f705b000-7f38f705d000 r--s 0000d000 08:07 1206633                    /home/abhishek/.gradle/caches/jars-2/9dj1m0eyooi5qt13735vz8fpkl3cnfy/commons-logging-1.1.1.jar
7f38f705d000-7f38f7062000 r--s 00028000 08:07 1206631                    /home/abhishek/.gradle/caches/jars-2/62lv0fe9b3xbqe57f6ljy5upwi7mf6k/httpcore-4.1.jar
7f38f7062000-7f38f7066000 r--s 0002f000 08:07 1206629                    /home/abhishek/.gradle/caches/jars-2/gsg5n52frsvw6sx0swqqe2hwijwdcf0/jimfs-1.1.jar
7f38f7066000-7f38f7067000 r--s 00004000 08:07 1206627                    /home/abhishek/.gradle/caches/jars-2/lxs252id0979odjrerlctkb26c2vj95/annotations-12.0.jar
7f38f7067000-7f38f7068000 r--s 00004000 08:07 1206625                    /home/abhishek/.gradle/caches/jars-2/9kn99dr0rulyl67sct1ephwcop56l61/asm-analysis-5.0.4.jar
7f38f7068000-7f38f706c000 r--s 00040000 08:07 1206623                    /home/abhishek/.gradle/caches/jars-2/h4gop7cox40tig0ckkhw1h8hl6tfcwm/lint-api-25.3.0.jar
7f38f706c000-7f38f706d000 r--s 0000a000 08:07 1206621                    /home/abhishek/.gradle/caches/jars-2/nwyg9io65lv6jvmwit2wq82xnnxd7ia/kxml2-2.3.0.jar
7f38f706d000-7f38f706f000 r--s 00005000 08:07 1206619                    /home/abhishek/.gradle/caches/jars-2/i6hc1uuj8e9ck59slmzdyz78ydn8sr6/httpmime-4.1.jar
7f38f706f000-7f38f7077000 r--s 0004e000 08:07 1206617                    /home/abhishek/.gradle/caches/jars-2/7503wa5irssz0xxahv1xb82p2dl7rr2/httpclient-4.1.1.jar
7f38f7077000-7f38f707e000 r--s 00053000 08:07 1206615                    /home/abhishek/.gradle/caches/jars-2/jgkfvs4eqggj7qsyw1f5d3up57hanj1/commons-compress-1.8.1.jar
7f38f707e000-7f38f7083000 r--s 0002a000 08:07 1206613                    /home/abhishek/.gradle/caches/jars-2/je8f027qcr1z1egw08byp1ybxbp9kko/gson-2.2.4.jar
7f38f7083000-7f38f7088000 r--s 0002e000 08:07 1206611                    /home/abhishek/.gradle/caches/jars-2/r6oa1284jnf1g0hjm5fw7l8swldb7ek/repository-25.3.0.jar
7f38f7088000-7f38f7089000 r--s 00005000 08:07 1206609                    /home/abhishek/.gradle/caches/jars-2/8zf2fyptbgnbanz613fx2c3hoto0539/dvlib-25.3.0.jar
7f38f7089000-7f38f708c000 r--s 00012000 08:07 1206607                    /home/abhishek/.gradle/caches/jars-2/9uh4197qdwnvuono2myyig8xxy6aqcq/layoutlib-api-25.3.0.jar
7f38f708c000-7f38f7091000 r--s 00058000 08:07 1206605                    /home/abhishek/.gradle/caches/jars-2/st159835qgxm0l87oqrnhayxos4lc1n/asm-debug-all-5.0.1.jar
7f38f7091000-7f38f70a1000 r--s 000d5000 08:07 1206603                    /home/abhishek/.gradle/caches/jars-2/qzf32gp9kej4w4hlbabft6tplu74cj3/proguard-base-5.3.2.jar
7f38f70a1000-7f38f70a4000 r--s 00033000 08:07 1206601                    /home/abhishek/.gradle/caches/jars-2/nz9sndmr8b4xbj4xulkaciy5kdbyfiz/juniversalchardet-1.0.3.jar
7f38f70a4000-7f38f70a8000 r--s 0002a000 08:07 1206599                    /home/abhishek/.gradle/caches/jars-2/krbpn9xjn1qymukyx8cc5l799ty1v3h/commons-io-2.4.jar
7f38f70a8000-7f38f70bf000 r--s 00154000 08:07 1206597                    /home/abhishek/.gradle/caches/jars-2/sfeivjswzitn6n0fnjx3ueszz8gv8o1/antlr4-4.5.3.jar
7f38f70bf000-7f38f70c1000 r--s 00002000 08:07 1206595                    /home/abhishek/.gradle/caches/jars-2/o6nwvy6at9y5kbpwo6utcclqk98gd99/baseLibrary-2.3.0.jar
7f38f70c1000-7f38f70ec000 r--s 001fc000 08:07 1206593                    /home/abhishek/.gradle/caches/jars-2/nxjrjftly2xksl8o0wqgivu5netfu2x/guava-18.0.jar
7f38f70ec000-7f38f70ff000 r--s 00241000 08:07 1206591                    /home/abhishek/.gradle/caches/jars-2/9yuekvg4qerfitq3xec0iyckuw3hwaq/ecj-4.6.1.jar
7f38f70ff000-7f38f7106000 r--s 000d9000 08:07 1206589                    /home/abhishek/.gradle/caches/jars-2/aprntsq9xd6l685y4wf1lo3ojhypibs/lint-checks-25.3.0.jar
7f38f7106000-7f38f7108000 r--s 00006000 08:07 1206587                    /home/abhishek/.gradle/caches/jars-2/6phgj9ki3jl3p5epzkqoo8pr6kur40b/asm-tree-5.0.4.jar
7f38f7108000-7f38f713b000 r--s 00203000 08:07 1206585                    /home/abhishek/.gradle/caches/jars-2/hj0bfvxu9cq7hkwmecvp0kg137or3hh/bcprov-jdk15on-1.48.jar
7f38f713b000-7f38f7149000 r--s 00081000 08:07 1206583                    /home/abhishek/.gradle/caches/jars-2/4r7xli0tz94y0wfjrdyjxlxar3g1pb9/bcpkix-jdk15on-1.48.jar
7f38f7149000-7f38f714b000 r--s 00002000 08:07 1206581                    /home/abhishek/.gradle/caches/jars-2/f32bh5uivuf69ecz2j8hl96ksnqdh7v/javawriter-2.5.0.jar
7f38f714b000-7f38f714d000 r--s 00004000 08:07 1206579                    /home/abhishek/.gradle/caches/jars-2/ks5d1mxwh7e42p192ttu3gpechro7qa/tracker-25.3.0.jar
7f38f714d000-7f38f714e000 r--s 00005000 08:07 1206577                    /home/abhishek/.gradle/caches/jars-2/fl4kf4ptr1zzfqcvmz0t9nip0r2xra6/shared-25.3.0.jar
7f38f714e000-7f38f715c000 r--s 00147000 08:07 1206575                    /home/abhishek/.gradle/caches/jars-2/kzywuljggjlwzg0mn5daqjrl9hrds10/protos-25.3.0.jar
7f38f715c000-7f38f715d000 r--s 00001000 08:07 1206573                    /home/abhishek/.gradle/caches/jars-2/9wceqt3rojnwacgoouxh9g9dkoot2zu/jill-api-0.10.0.jar
7f38f715d000-7f38f715f000 r--s 00003000 08:07 1206571                    /home/abhishek/.gradle/caches/jars-2/hgjtw817h9ckqrqd7wts8rss79wyf2p/jack-api-0.13.0.jar
7f38f715f000-7f38f7165000 r--s 0004a000 08:07 1206569                    /home/abhishek/.gradle/caches/jars-2/qdr9c88xakd7sne0hmledt9h4qds2q2/ddmlib-25.3.0.jar
7f38f7165000-7f38f7168000 r--s 00022000 08:07 1206567                    /home/abhishek/.gradle/caches/jars-2/fsss09xku4j8m0mtb0gif22hmmgqs7i/manifest-merger-25.3.0.jar
7f38f7168000-7f38f716b000 r--s 0001c000 08:07 1206565                    /home/abhishek/.gradle/caches/jars-2/s9s98vc2jrc4cq452s7phwb2ad5xfkn/common-25.3.0.jar
7f38f716b000-7f38f7174000 r--s 00089000 08:07 1206563                    /home/abhishek/.gradle/caches/jars-2/965j22khmkpwdgya5fll5pxt21kiz0y/sdk-common-25.3.0.jar
7f38f7174000-7f38f717e000 r--s 00097000 08:07 1206561                    /home/abhishek/.gradle/caches/jars-2/2t3glk7v5svadzqcbhq0avch2qk6a9k/sdklib-25.3.0.jar
7f38f717e000-7f38f717f000 r--s 00002000 08:07 1206559                    /home/abhishek/.gradle/caches/jars-2/q53lj97mtvuhn56k5k0vmpi70ln1194/builder-test-api-2.3.0.jar
7f38f717f000-7f38f7182000 r--s 00006000 08:07 1206557                    /home/abhishek/.gradle/caches/jars-2/217rxmwsloonj42ilq94g16c8qou0uv/builder-model-2.3.0.jar
7f38f7182000-7f38f7191000 r--s 00130000 08:07 1206555                    /home/abhishek/.gradle/caches/jars-2/cr6zkqpx14lor9zdtmo49qpc7y8r8p4/protobuf-java-3.0.0.jar
7f38f7191000-7f38f7193000 r--s 0000f000 08:07 1206553                    /home/abhishek/.gradle/caches/jars-2/rvfyugrlu5tbpz51p98og0qsxamjq4k/jopt-simple-4.9.jar
7f38f7193000-7f38f7197000 r--s 0001f000 08:07 1206551                    /home/abhishek/.gradle/caches/jars-2/nq3fzqkrrm37ob61z4iu5qdbh368uat/org.jacoco.report-0.7.5.201505241946.jar
7f38f7197000-7f38f719b000 r--s 0001d000 08:07 1206549                    /home/abhishek/.gradle/caches/jars-2/3kxkmcckmk40ron92zhbm0qjo9l4bkl/org.jacoco.core-0.7.5.201505241946.jar
7f38f719b000-7f38f719d000 r--s 00002000 08:07 1206547                    /home/abhishek/.gradle/caches/jars-2/m4m0pzb4gmaeh0in5g2xc4bxeuwt828/proguard-gradle-5.3.2.jar
7f38f719d000-7f38f719f000 r--s 00009000 08:07 1206545                    /home/abhishek/.gradle/caches/jars-2/ajvcvdu66lc9e3tvvipxtuq48i9bbkc/asm-commons-5.0.4.jar
7f38f719f000-7f38f71a4000 r--s 0002c000 08:07 1206541                    /home/abhishek/.gradle/caches/jars-2/3eyaheco65g859qpfsowjbpqi0jh6mf/compilerCommon-2.3.0.jar
7f38f71a4000-7f38f73a4000 rw-p 00000000 00:00 0 
7f38f73a4000-7f38f75a4000 rw-p 00000000 00:00 0 
7f38f75a4000-7f38f77a4000 rw-p 00000000 00:00 0 
7f38f77a4000-7f38f77a9000 r--s 0005e000 08:07 1206535                    /home/abhishek/.gradle/caches/jars-2/ni16dxztl73a86d25hs3on5ncngkbuy/lint-25.3.0.jar
7f38f77a9000-7f38f77c7000 r--s 001cb000 08:07 1206531                    /home/abhishek/.gradle/caches/jars-2/8qy5a7i3gbr2s4snxdquaath1tjusie/gradle-core-2.3.0.jar
7f38f77c7000-7f38f77ca000 ---p 00000000 00:00 0 
7f38f77ca000-7f38f7a00000 rw-p 00000000 00:00 0                          [stack:4191]
7f38f7a00000-7f38f7c00000 rw-p 00000000 00:00 0 
7f38f7c00000-7f38f7e00000 rw-p 00000000 00:00 0 
7f38f7e00000-7f38f8000000 rw-p 00000000 00:00 0 
7f38f8000000-7f38f9230000 rw-p 00000000 00:00 0 
7f38f9230000-7f38fc000000 ---p 00000000 00:00 0 
7f38fc000000-7f38fc039000 rw-p 00000000 00:00 0 
7f38fc039000-7f3900000000 ---p 00000000 00:00 0 
7f3900000000-7f3900021000 rw-p 00000000 00:00 0 
7f3900021000-7f3904000000 ---p 00000000 00:00 0 
7f3904000000-7f3904021000 rw-p 00000000 00:00 0 
7f3904021000-7f3908000000 ---p 00000000 00:00 0 
7f3908000000-7f390802c000 rw-p 00000000 00:00 0 
7f390802c000-7f390c000000 ---p 00000000 00:00 0 
7f390c000000-7f390c253000 rw-p 00000000 00:00 0 
7f390c253000-7f3910000000 ---p 00000000 00:00 0 
7f3910000000-7f3910021000 rw-p 00000000 00:00 0 
7f3910021000-7f3914000000 ---p 00000000 00:00 0 
7f3914000000-7f3914067000 rw-p 00000000 00:00 0 
7f3914067000-7f3918000000 ---p 00000000 00:00 0 
7f3918000000-7f3918dd1000 rw-p 00000000 00:00 0 
7f3918dd1000-7f391c000000 ---p 00000000 00:00 0 
7f391c000000-7f391c0b5000 rw-p 00000000 00:00 0 
7f391c0b5000-7f3920000000 ---p 00000000 00:00 0 
7f3920000000-7f39221c6000 rw-p 00000000 00:00 0 
7f39221c6000-7f3924000000 ---p 00000000 00:00 0 
7f3924000000-7f3925f41000 rw-p 00000000 00:00 0 
7f3925f41000-7f3928000000 ---p 00000000 00:00 0 
7f3928000000-7f3928021000 rw-p 00000000 00:00 0 
7f3928021000-7f392c000000 ---p 00000000 00:00 0 
7f392c000000-7f392c021000 rw-p 00000000 00:00 0 
7f392c021000-7f3930000000 ---p 00000000 00:00 0 
7f3930000000-7f3930350000 rw-p 00000000 00:00 0 
7f3930350000-7f3934000000 ---p 00000000 00:00 0 
7f3934000000-7f3934021000 rw-p 00000000 00:00 0 
7f3934021000-7f3938000000 ---p 00000000 00:00 0 
7f3938000000-7f3938021000 rw-p 00000000 00:00 0 
7f3938021000-7f393c000000 ---p 00000000 00:00 0 
7f393c000000-7f393c02b000 rw-p 00000000 00:00 0 
7f393c02b000-7f3940000000 ---p 00000000 00:00 0 
7f3940000000-7f394003a000 rw-p 00000000 00:00 0 
7f394003a000-7f3944000000 ---p 00000000 00:00 0 
7f3944000000-7f3944002000 r--s 0000c000 08:07 1206543                    /home/abhishek/.gradle/caches/jars-2/1laz1ygmxoc408r7nwqs1q8uk8r236d/asm-5.0.4.jar
7f3944002000-7f3944003000 r--s 00002000 08:07 1206539                    /home/abhishek/.gradle/caches/jars-2/31jr90v5p5fkd2jflx4pvapkdf35ezu/gradle-api-2.3.0.jar
7f3944003000-7f3944004000 r--s 00000000 08:07 1206537                    /home/abhishek/.gradle/caches/jars-2/9alwd0ip1x6at9csjhyhihqra39rks9/transform-api-2.0.0-deprecated-use-gradle-api.jar
7f3944004000-7f394401a000 r--s 00163000 08:07 1206533                    /home/abhishek/.gradle/caches/jars-2/sqf8kc3htrab4fj479mwr3jrji381b7/builder-2.3.0.jar
7f394401a000-7f394401c000 r--s 0000d000 08:07 1070021                    /home/abhishek/.gradle/caches/jars-2/60bmiis45kdytxtzt10fi483750k8at/gradle-2.3.0.jar
7f394401c000-7f394401d000 r--p 00000000 00:00 0 
7f394401d000-7f3944096000 r--s 010ed000 08:07 1596728                    /usr/local/android-studio/jre/lib/tools.jar
7f3944096000-7f3944099000 ---p 00000000 00:00 0 
7f3944099000-7f3944197000 rw-p 00000000 00:00 0                          [stack:4171]
7f3944197000-7f394419a000 ---p 00000000 00:00 0 
7f394419a000-7f3944298000 rw-p 00000000 00:00 0                          [stack:4170]
7f3944298000-7f394429b000 ---p 00000000 00:00 0 
7f394429b000-7f3944399000 rw-p 00000000 00:00 0                          [stack:4165]
7f3944399000-7f394439c000 ---p 00000000 00:00 0 
7f394439c000-7f394449a000 rw-p 00000000 00:00 0                          [stack:4167]
7f394449a000-7f394449d000 ---p 00000000 00:00 0 
7f394449d000-7f394479b000 rw-p 00000000 00:00 0                          [stack:3530]
7f394479b000-7f394479e000 ---p 00000000 00:00 0 
7f394479e000-7f394489c000 rw-p 00000000 00:00 0                          [stack:4166]
7f394489c000-7f394489f000 ---p 00000000 00:00 0 
7f394489f000-7f394499d000 rw-p 00000000 00:00 0                          [stack:4164]
7f394499d000-7f39449a4000 r--s 00000000 08:07 1732985                    /usr/lib/x86_64-linux-gnu/gconv/gconv-modules.cache
7f39449a4000-7f3944ba4000 rw-p 00000000 00:00 0 
7f3944ba4000-7f3944ba7000 ---p 00000000 00:00 0 
7f3944ba7000-7f3944ca5000 rw-p 00000000 00:00 0                          [stack:3527]
7f3944ca5000-7f3944cae000 r-xp 00000000 08:07 1854275                    /usr/local/android-studio/jre/jre/lib/amd64/libmanagement.so
7f3944cae000-7f3944ead000 ---p 00009000 08:07 1854275                    /usr/local/android-studio/jre/jre/lib/amd64/libmanagement.so
7f3944ead000-7f3944eae000 r--p 00008000 08:07 1854275                    /usr/local/android-studio/jre/jre/lib/amd64/libmanagement.so
7f3944eae000-7f3944eaf000 rw-p 00009000 08:07 1854275                    /usr/local/android-studio/jre/jre/lib/amd64/libmanagement.so
7f3944eaf000-7f3944eb4000 r--s 00098000 08:07 1732732                    /usr/local/android-studio/jre/jre/lib/jsse.jar
7f3944eb4000-7f3944eb6000 r--s 00007000 08:07 1065908                    /home/abhishek/.gradle/wrapper/dists/gradle-3.3-all/55gk2rcmfc6p2dg9u9ohc3hw9/gradle-3.3/lib/plugins/gradle-tooling-api-builders-3.3.jar
7f3944eb6000-7f3944eb9000 r--s 00009000 08:07 1065898                    /home/abhishek/.gradle/wrapper/dists/gradle-3.3-all/55gk2rcmfc6p2dg9u9ohc3hw9/gradle-3.3/lib/plugins/gradle-testing-native-3.3.jar
7f3944eb9000-7f3944ebf000 r--s 00033000 08:07 1065986                    /home/abhishek/.gradle/wrapper/dists/gradle-3.3-all/55gk2rcmfc6p2dg9u9ohc3hw9/gradle-3.3/lib/plugins/snakeyaml-1.6.jar
7f3944ebf000-7f3944ec1000 r--s 00006000 08:07 1065984                    /home/abhishek/.gradle/wrapper/dists/gradle-3.3-all/55gk2rcmfc6p2dg9u9ohc3hw9/gradle-3.3/lib/plugins/jcommander-1.12.jar
7f3944ec1000-7f3944ec6000 r--s 00040000 08:07 1065983                    /home/abhishek/.gradle/wrapper/dists/gradle-3.3-all/55gk2rcmfc6p2dg9u9ohc3hw9/gradle-3.3/lib/plugins/bsh-2.0b4.jar
7f3944ec6000-7f3944ec8000 r--s 00009000 08:07 1065992                    /home/abhishek/.gradle/wrapper/dists/gradle-3.3-all/55gk2rcmfc6p2dg9u9ohc3hw9/gradle-3.3/lib/plugins/hamcrest-core-1.3.jar
7f3944ec8000-7f3944ed1000 r--s 00089000 08:07 1065938                    /home/abhishek/.gradle/wrapper/dists/gradle-3.3-all/55gk2rcmfc6p2dg9u9ohc3hw9/gradle-3.3/lib/plugins/testng-6.3.1.jar
7f3944ed1000-7f3944ed9000 r--s 00045000 08:07 1065937                    /home/abhishek/.gradle/wrapper/dists/gradle-3.3-all/55gk2rcmfc6p2dg9u9ohc3hw9/gradle-3.3/lib/plugins/junit-4.12.jar
7f3944ed9000-7f3944edf000 r--s 0002e000 08:07 1065899                    /home/abhishek/.gradle/wrapper/dists/gradle-3.3-all/55gk2rcmfc6p2dg9u9ohc3hw9/gradle-3.3/lib/plugins/gradle-testing-jvm-3.3.jar
7f3944edf000-7f3944ee3000 r--s 00016000 08:07 1065897                    /home/abhishek/.gradle/wrapper/dists/gradle-3.3-all/55gk2rcmfc6p2dg9u9ohc3hw9/gradle-3.3/lib/plugins/gradle-testing-base-3.3.jar
7f3944ee3000-7f3944eea000 r--s 00038000 08:07 1065932                    /home/abhishek/.gradle/wrapper/dists/gradle-3.3-all/55gk2rcmfc6p2dg9u9ohc3hw9/gradle-3.3/lib/plugins/bcpg-jdk15on-1.51.jar
7f3944eea000-7f3944eec000 r--s 0000c000 08:07 1065856                    /home/abhishek/.gradle/wrapper/dists/gradle-3.3-all/55gk2rcmfc6p2dg9u9ohc3hw9/gradle-3.3/lib/plugins/gradle-signing-3.3.jar
7f3944eec000-7f3944eee000 r--s 00007000 08:07 1065855                    /home/abhishek/.gradle/wrapper/dists/gradle-3.3-all/55gk2rcmfc6p2dg9u9ohc3hw9/gradle-3.3/lib/plugins/gradle-scala-3.3.jar
7f3944eee000-7f3944eef000 r--s 00004000 08:07 1065903                    /home/abhishek/.gradle/wrapper/dists/gradle-3.3-all/55gk2rcmfc6p2dg9u9ohc3hw9/gradle-3.3/lib/plugins/gradle-resources-sftp-3.3.jar
7f3944eef000-7f3944eff000 r--s 00088000 08:07 1065948                    /home/abhishek/.gradle/wrapper/dists/gradle-3.3-all/55gk2rcmfc6p2dg9u9ohc3hw9/gradle-3.3/lib/plugins/joda-time-2.8.2.jar
7f3944eff000-7f3944f10000 r--s 0010d000 08:07 1065947                    /home/abhishek/.gradle/wrapper/dists/gradle-3.3-all/55gk2rcmfc6p2dg9u9ohc3hw9/gradle-3.3/lib/plugins/jackson-databind-2.6.6.jar
7f3944f10000-7f3944f13000 r--s 00009000 08:07 1065946                    /home/abhishek/.gradle/wrapper/dists/gradle-3.3-all/55gk2rcmfc6p2dg9u9ohc3hw9/gradle-3.3/lib/plugins/jackson-annotations-2.6.6.jar
7f3944f13000-7f3944f17000 r--s 0003c000 08:07 1065945                    /home/abhishek/.gradle/wrapper/dists/gradle-3.3-all/55gk2rcmfc6p2dg9u9ohc3hw9/gradle-3.3/lib/plugins/jackson-core-2.6.6.jar
7f3944f17000-7f3944f25000 r--s 00087000 08:07 1065944                    /home/abhishek/.gradle/wrapper/dists/gradle-3.3-all/55gk2rcmfc6p2dg9u9ohc3hw9/gradle-3.3/lib/plugins/aws-java-sdk-core-1.11.6.jar
7f3944f25000-7f3944f2c000 r--s 00057000 08:07 1065943                    /home/abhishek/.gradle/wrapper/dists/gradle-3.3-all/55gk2rcmfc6p2dg9u9ohc3hw9/gradle-3.3/lib/plugins/aws-java-sdk-kms-1.11.6.jar
7f3944f2c000-7f3944f39000 r--s 0008e000 08:07 1065942                    /home/abhishek/.gradle/wrapper/dists/gradle-3.3-all/55gk2rcmfc6p2dg9u9ohc3hw9/gradle-3.3/lib/plugins/aws-java-sdk-s3-1.11.6.jar
7f3944f39000-7f3944f3b000 r--s 00004000 08:07 1065904                    /home/abhishek/.gradle/wrapper/dists/gradle-3.3-all/55gk2rcmfc6p2dg9u9ohc3hw9/gradle-3.3/lib/plugins/gradle-resources-s3-3.3.jar
7f3944f3b000-7f3944f3d000 r--s 00005000 08:07 1065936                    /home/abhishek/.gradle/wrapper/dists/gradle-3.3-all/55gk2rcmfc6p2dg9u9ohc3hw9/gradle-3.3/lib/plugins/jatl-0.2.2.jar
7f3944f3d000-7f3944f3f000 r--s 0000f000 08:07 1065866                    /home/abhishek/.gradle/wrapper/dists/gradle-3.3-all/55gk2rcmfc6p2dg9u9ohc3hw9/gradle-3.3/lib/plugins/gradle-reporting-3.3.jar
7f3944f3f000-7f3944f41000 r--s 00002000 08:07 1065867                    /home/abhishek/.gradle/wrapper/dists/gradle-3.3-all/55gk2rcmfc6p2dg9u9ohc3hw9/gradle-3.3/lib/plugins/gradle-publish-3.3.jar
7f3944f41000-7f3944f43000 r--s 00009000 08:07 1065916                    /home/abhishek/.gradle/wrapper/dists/gradle-3.3-all/55gk2rcmfc6p2dg9u9ohc3hw9/gradle-3.3/lib/plugins/commons-cli-1.2.jar
7f3944f43000-7f3944f49000 r--s 00031000 08:07 1065847                    /home/abhishek/.gradle/wrapper/dists/gradle-3.3-all/55gk2rcmfc6p2dg9u9ohc3hw9/gradle-3.3/lib/plugins/gradle-plugins-3.3.jar
7f3944f49000-7f3944f4b000 r--s 00009000 08:07 1065900                    /home/abhishek/.gradle/wrapper/dists/gradle-3.3-all/55gk2rcmfc6p2dg9u9ohc3hw9/gradle-3.3/lib/plugins/gradle-plugin-development-3.3.jar
7f3944f4b000-7f3944f51000 r--s 0002b000 08:07 1065890                    /home/abhishek/.gradle/wrapper/dists/gradle-3.3-all/55gk2rcmfc6p2dg9u9ohc3hw9/gradle-3.3/lib/plugins/gradle-platform-play-3.3.jar
7f3944f51000-7f3944f5f000 r--s 00055000 08:07 1065889                    /home/abhishek/.gradle/wrapper/dists/gradle-3.3-all/55gk2rcmfc6p2dg9u9ohc3hw9/gradle-3.3/lib/plugins/gradle-platform-native-3.3.jar
7f3944f5f000-7f3944f64000 r--s 0001f000 08:07 1065873                    /home/abhishek/.gradle/wrapper/dists/gradle-3.3-all/55gk2rcmfc6p2dg9u9ohc3hw9/gradle-3.3/lib/plugins/gradle-platform-jvm-3.3.jar
7f3944f64000-7f3944f6c000 r--s 00027000 08:07 1065872                    /home/abhishek/.gradle/wrapper/dists/gradle-3.3-all/55gk2rcmfc6p2dg9u9ohc3hw9/gradle-3.3/lib/plugins/gradle-platform-base-3.3.jar
7f3944f6c000-7f3944f94000 r--s 0021c000 08:07 1065927                    /home/abhishek/.gradle/wrapper/dists/gradle-3.3-all/55gk2rcmfc6p2dg9u9ohc3hw9/gradle-3.3/lib/plugins/biz.aQute.bndlib-3.2.0.jar
7f3944f94000-7f3944f96000 r--s 00003000 08:07 1065851                    /home/abhishek/.gradle/wrapper/dists/gradle-3.3-all/55gk2rcmfc6p2dg9u9ohc3hw9/gradle-3.3/lib/plugins/gradle-osgi-3.3.jar
7f3944f96000-7f3944f99000 r--s 0000c000 08:07 1065930                    /home/abhishek/.gradle/wrapper/dists/gradle-3.3-all/55gk2rcmfc6p2dg9u9ohc3hw9/gradle-3.3/lib/plugins/pmaven-groovy-0.8-20100325.jar
7f3944f99000-7f3944f9a000 r--s 00004000 08:07 1065929                    /home/abhishek/.gradle/wrapper/dists/gradle-3.3-all/55gk2rcmfc6p2dg9u9ohc3hw9/gradle-3.3/lib/plugins/pmaven-common-0.8-20100325.jar
7f3944f9a000-7f3944fa0000 r--s 00023000 08:07 1065852                    /home/abhishek/.gradle/wrapper/dists/gradle-3.3-all/55gk2rcmfc6p2dg9u9ohc3hw9/gradle-3.3/lib/plugins/gradle-maven-3.3.jar
7f3944fa0000-7f3944fa3000 r--s 0000b000 08:07 1065886                    /home/abhishek/.gradle/wrapper/dists/gradle-3.3-all/55gk2rcmfc6p2dg9u9ohc3hw9/gradle-3.3/lib/plugins/gradle-language-scala-3.3.jar
7f3944fa3000-7f3944fa9000 r--s 0001a000 08:07 1065893                    /home/abhishek/.gradle/wrapper/dists/gradle-3.3-all/55gk2rcmfc6p2dg9u9ohc3hw9/gradle-3.3/lib/plugins/gradle-language-native-3.3.jar
7f3944fa9000-7f3944fac000 r--s 00005000 08:07 1065881                    /home/abhishek/.gradle/wrapper/dists/gradle-3.3-all/55gk2rcmfc6p2dg9u9ohc3hw9/gradle-3.3/lib/plugins/gradle-language-jvm-3.3.jar
7f3944fac000-7f3944fb2000 r--s 00027000 08:07 1065883                    /home/abhishek/.gradle/wrapper/dists/gradle-3.3-all/55gk2rcmfc6p2dg9u9ohc3hw9/gradle-3.3/lib/plugins/gradle-language-java-3.3.jar
7f3944fb2000-7f3944fb4000 r--s 0000a000 08:07 1065885                    /home/abhishek/.gradle/wrapper/dists/gradle-3.3-all/55gk2rcmfc6p2dg9u9ohc3hw9/gradle-3.3/lib/plugins/gradle-language-groovy-3.3.jar
7f3944fb4000-7f3944fb7000 r--s 0001e000 08:07 1065955                    /home/abhishek/.gradle/wrapper/dists/gradle-3.3-all/55gk2rcmfc6p2dg9u9ohc3hw9/gradle-3.3/lib/plugins/jsp-api-2.1-6.1.14.jar
7f3944fb7000-7f3944fda000 r--s 00344000 08:07 1065954                    /home/abhishek/.gradle/wrapper/dists/gradle-3.3-all/55gk2rcmfc6p2dg9u9ohc3hw9/gradle-3.3/lib/plugins/core-3.1.1.jar
7f3944fda000-7f3944fdb000 r--s 00006000 08:07 1065953                    /home/abhishek/.gradle/wrapper/dists/gradle-3.3-all/55gk2rcmfc6p2dg9u9ohc3hw9/gradle-3.3/lib/plugins/jetty-naming-6.1.26.jar
7f3944fdb000-7f3944fdc000 r--s 00002000 08:07 1065926                    /home/abhishek/.gradle/wrapper/dists/gradle-3.3-all/55gk2rcmfc6p2dg9u9ohc3hw9/gradle-3.3/lib/plugins/geronimo-annotation_1.0_spec-1.0.jar
7f3944fdc000-7f3944fde000 r--s 00002000 08:07 1065924                    /home/abhishek/.gradle/wrapper/dists/gradle-3.3-all/55gk2rcmfc6p2dg9u9ohc3hw9/gradle-3.3/lib/plugins/jetty-annotations-6.1.26.jar
7f3944fde000-7f3944fef000 r--s 000ea000 08:07 1065922                    /home/abhishek/.gradle/wrapper/dists/gradle-3.3-all/55gk2rcmfc6p2dg9u9ohc3hw9/gradle-3.3/lib/plugins/jsp-2.1-6.1.14.jar
7f3944fef000-7f3944ff1000 r--s 0000d000 08:07 1065920                    /home/abhishek/.gradle/wrapper/dists/gradle-3.3-all/55gk2rcmfc6p2dg9u9ohc3hw9/gradle-3.3/lib/plugins/jetty-plus-6.1.26.jar
7f3944ff1000-7f3944ff3000 r--s 0001f000 08:07 1065919                    /home/abhishek/.gradle/wrapper/dists/gradle-3.3-all/55gk2rcmfc6p2dg9u9ohc3hw9/gradle-3.3/lib/plugins/servlet-api-2.5-20081211.jar
7f3944ff3000-7f3944ff7000 r--s 00028000 08:07 1065918                    /home/abhishek/.gradle/wrapper/dists/gradle-3.3-all/55gk2rcmfc6p2dg9u9ohc3hw9/gradle-3.3/lib/plugins/jetty-util-6.1.26.jar
7f3944ff7000-7f3944ffe000 r--s 0007d000 08:07 1065917                    /home/abhishek/.gradle/wrapper/dists/gradle-3.3-all/55gk2rcmfc6p2dg9u9ohc3hw9/gradle-3.3/lib/plugins/jetty-6.1.26.jar
7f3944ffe000-7f3945000000 r--s 0000a000 08:07 1065849                    /home/abhishek/.gradle/wrapper/dists/gradle-3.3-all/55gk2rcmfc6p2dg9u9ohc3hw9/gradle-3.3/lib/plugins/gradle-jetty-3.3.jar
7f3945000000-7f3945007000 r--s 00035000 08:07 1065935                    /home/abhishek/.gradle/wrapper/dists/gradle-3.3-all/55gk2rcmfc6p2dg9u9ohc3hw9/gradle-3.3/lib/plugins/simple-4.1.21.jar
7f3945007000-7f3945013000 r--s 00100000 08:07 1065933                    /home/abhishek/.gradle/wrapper/dists/gradle-3.3-all/55gk2rcmfc6p2dg9u9ohc3hw9/gradle-3.3/lib/plugins/rhino-1.7R3.jar
7f3945013000-7f3945017000 r--s 00012000 08:07 1065858                    /home/abhishek/.gradle/wrapper/dists/gradle-3.3-all/55gk2rcmfc6p2dg9u9ohc3hw9/gradle-3.3/lib/plugins/gradle-javascript-3.3.jar
7f3945017000-7f3945019000 r--s 0000d000 08:07 1065869                    /home/abhishek/.gradle/wrapper/dists/gradle-3.3-all/55gk2rcmfc6p2dg9u9ohc3hw9/gradle-3.3/lib/plugins/gradle-jacoco-3.3.jar
7f3945019000-7f394501c000 r--s 0000e000 08:07 1065868                    /home/abhishek/.gradle/wrapper/dists/gradle-3.3-all/55gk2rcmfc6p2dg9u9ohc3hw9/gradle-3.3/lib/plugins/gradle-ivy-3.3.jar
7f394501c000-7f394501d000 r--s 00002000 08:07 1065892                    /home/abhishek/.gradle/wrapper/dists/gradle-3.3-all/55gk2rcmfc6p2dg9u9ohc3hw9/gradle-3.3/lib/plugins/gradle-ide-play-3.3.jar
7f394501d000-7f3945020000 r--s 00013000 08:07 1065894                    /home/abhishek/.gradle/wrapper/dists/gradle-3.3-all/55gk2rcmfc6p2dg9u9ohc3hw9/gradle-3.3/lib/plugins/gradle-ide-native-3.3.jar
7f3945020000-7f3945029000 r--s 00055000 08:07 1065853                    /home/abhishek/.gradle/wrapper/dists/gradle-3.3-all/55gk2rcmfc6p2dg9u9ohc3hw9/gradle-3.3/lib/plugins/gradle-ide-3.3.jar
7f3945029000-7f394502b000 r--s 00007000 08:07 1065857                    /home/abhishek/.gradle/wrapper/dists/gradle-3.3-all/55gk2rcmfc6p2dg9u9ohc3hw9/gradle-3.3/lib/plugins/gradle-ear-3.3.jar
7f394502b000-7f3945031000 r--s 00039000 08:07 1065861                    /home/abhishek/.gradle/wrapper/dists/gradle-3.3-all/55gk2rcmfc6p2dg9u9ohc3hw9/gradle-3.3/lib/plugins/gradle-diagnostics-3.3.jar
7f3945031000-7f3945032000 r--s 00009000 08:07 1065909                    /home/abhishek/.gradle/wrapper/dists/gradle-3.3-all/55gk2rcmfc6p2dg9u9ohc3hw9/gradle-3.3/lib/plugins/gradle-composite-builds-3.3.jar
7f3945032000-7f3945036000 r--s 00023000 08:07 1065848                    /home/abhishek/.gradle/wrapper/dists/gradle-3.3-all/55gk2rcmfc6p2dg9u9ohc3hw9/gradle-3.3/lib/plugins/gradle-code-quality-3.3.jar
7f3945036000-7f394503a000 r--s 00022000 08:07 1065871                    /home/abhishek/.gradle/wrapper/dists/gradle-3.3-all/55gk2rcmfc6p2dg9u9ohc3hw9/gradle-3.3/lib/plugins/gradle-build-init-3.3.jar
7f394503a000-7f3945040000 r--s 0008e000 08:07 1065859                    /home/abhishek/.gradle/wrapper/dists/gradle-3.3-all/55gk2rcmfc6p2dg9u9ohc3hw9/gradle-3.3/lib/plugins/gradle-build-comparison-3.3.jar
7f3945040000-7f3945041000 r--s 00001000 08:07 1065910                    /home/abhishek/.gradle/wrapper/dists/gradle-3.3-all/55gk2rcmfc6p2dg9u9ohc3hw9/gradle-3.3/lib/plugins/gradle-build-cache-http-3.3.jar
7f3945041000-7f3945043000 r--s 00008000 08:07 1065850                    /home/abhishek/.gradle/wrapper/dists/gradle-3.3-all/55gk2rcmfc6p2dg9u9ohc3hw9/gradle-3.3/lib/plugins/gradle-antlr-3.3.jar
7f3945043000-7f3945045000 r--s 00004000 08:07 1065854                    /home/abhishek/.gradle/wrapper/dists/gradle-3.3-all/55gk2rcmfc6p2dg9u9ohc3hw9/gradle-3.3/lib/plugins/gradle-announce-3.3.jar
7f3945045000-7f394505d000 r--s 00115000 08:07 1065989                    /home/abhishek/.gradle/wrapper/dists/gradle-3.3-all/55gk2rcmfc6p2dg9u9ohc3hw9/gradle-3.3/lib/plugins/xercesImpl-2.9.1.jar
7f394505d000-7f3945065000 r--s 00028000 08:07 1065990                    /home/abhishek/.gradle/wrapper/dists/gradle-3.3-all/55gk2rcmfc6p2dg9u9ohc3hw9/gradle-3.3/lib/plugins/xml-apis-1.3.04.jar
7f3945065000-7f394506b000 r--s 0005b000 08:07 1065988                    /home/abhishek/.gradle/wrapper/dists/gradle-3.3-all/55gk2rcmfc6p2dg9u9ohc3hw9/gradle-3.3/lib/plugins/jcifs-1.3.17.jar
7f394506b000-7f3945071000 r--s 00033000 08:07 1065931                    /home/abhishek/.gradle/wrapper/dists/gradle-3.3-all/55gk2rcmfc6p2dg9u9ohc3hw9/gradle-3.3/lib/plugins/commons-codec-1.6.jar
7f3945071000-7f3945078000 r--s 00049000 08:07 1065987                    /home/abhishek/.gradle/wrapper/dists/gradle-3.3-all/55gk2rcmfc6p2dg9u9ohc3hw9/gradle-3.3/lib/plugins/httpcore-4.4.4.jar
7f3945078000-7f394507b000 r--s 0001c000 08:07 1065940                    /home/abhishek/.gradle/wrapper/dists/gradle-3.3-all/55gk2rcmfc6p2dg9u9ohc3hw9/gradle-3.3/lib/plugins/nekohtml-1.9.14.jar
7f394507b000-7f3945088000 r--s 000a4000 08:07 1065939                    /home/abhishek/.gradle/wrapper/dists/gradle-3.3-all/55gk2rcmfc6p2dg9u9ohc3hw9/gradle-3.3/lib/plugins/httpclient-4.4.1.jar
7f3945088000-7f394508b000 r--s 0000a000 08:07 1065902                    /home/abhishek/.gradle/wrapper/dists/gradle-3.3-all/55gk2rcmfc6p2dg9u9ohc3hw9/gradle-3.3/lib/plugins/gradle-resources-http-3.3.jar
7f394508b000-7f394508f000 r--s 00015000 08:07 1065901                    /home/abhishek/.gradle/wrapper/dists/gradle-3.3-all/55gk2rcmfc6p2dg9u9ohc3hw9/gradle-3.3/lib/plugins/gradle-plugin-use-3.3.jar
7f394508f000-7f3945090000 r--s 00000000 08:07 1065789                    /home/abhishek/.gradle/wrapper/dists/gradle-3.3-all/55gk2rcmfc6p2dg9u9ohc3hw9/gradle-3.3/lib/gradle-installation-beacon-3.3.jar
7f3945090000-7f3945092000 r--s 00006000 08:07 1065982                    /home/abhishek/.gradle/wrapper/dists/gradle-3.3-all/55gk2rcmfc6p2dg9u9ohc3hw9/gradle-3.3/lib/plugins/aether-connector-wagon-1.13.1.jar
7f3945092000-7f3945096000 r--s 0001c000 08:07 1065981                    /home/abhishek/.gradle/wrapper/dists/gradle-3.3-all/55gk2rcmfc6p2dg9u9ohc3hw9/gradle-3.3/lib/plugins/aether-util-1.13.1.jar
7f3945096000-7f3945097000 r--s 00003000 08:07 1065980                    /home/abhishek/.gradle/wrapper/dists/gradle-3.3-all/55gk2rcmfc6p2dg9u9ohc3hw9/gradle-3.3/lib/plugins/aether-spi-1.13.1.jar
7f3945097000-7f394509a000 r--s 0001d000 08:07 1065978                    /home/abhishek/.gradle/wrapper/dists/gradle-3.3-all/55gk2rcmfc6p2dg9u9ohc3hw9/gradle-3.3/lib/plugins/aether-impl-1.13.1.jar
7f394509a000-7f394509d000 r--s 00013000 08:07 1065977                    /home/abhishek/.gradle/wrapper/dists/gradle-3.3-all/55gk2rcmfc6p2dg9u9ohc3hw9/gradle-3.3/lib/plugins/aether-api-1.13.1.jar
7f394509d000-7f394509e000 r--s 00007000 08:07 1065976                    /home/abhishek/.gradle/wrapper/dists/gradle-3.3-all/55gk2rcmfc6p2dg9u9ohc3hw9/gradle-3.3/lib/plugins/wagon-http-shared4-2.4.jar
7f394509e000-7f39450a0000 r--s 0000b000 08:07 1065975                    /home/abhishek/.gradle/wrapper/dists/gradle-3.3-all/55gk2rcmfc6p2dg9u9ohc3hw9/gradle-3.3/lib/plugins/wagon-provider-api-2.4.jar
7f39450a0000-7f39450a1000 r--s 00002000 08:07 1065974                    /home/abhishek/.gradle/wrapper/dists/gradle-3.3-all/55gk2rcmfc6p2dg9u9ohc3hw9/gradle-3.3/lib/plugins/wagon-http-2.4.jar
7f39450a1000-7f39450a2000 r--s 00002000 08:07 1065971                    /home/abhishek/.gradle/wrapper/dists/gradle-3.3-all/55gk2rcmfc6p2dg9u9ohc3hw9/gradle-3.3/lib/plugins/wagon-file-2.4.jar
7f39450a2000-7f39450a4000 r--s 0000c000 08:07 1065970                    /home/abhishek/.gradle/wrapper/dists/gradle-3.3-all/55gk2rcmfc6p2dg9u9ohc3hw9/gradle-3.3/lib/plugins/maven-aether-provider-3.0.4.jar
7f39450a4000-7f39450a6000 r--s 0000b000 08:07 1065969                    /home/abhishek/.gradle/wrapper/dists/gradle-3.3-all/55gk2rcmfc6p2dg9u9ohc3hw9/gradle-3.3/lib/plugins/maven-plugin-api-3.0.4.jar
7f39450a6000-7f39450a8000 r--s 00006000 08:07 1065968                    /home/abhishek/.gradle/wrapper/dists/gradle-3.3-all/55gk2rcmfc6p2dg9u9ohc3hw9/gradle-3.3/lib/plugins/maven-repository-metadata-3.0.4.jar
7f39450a8000-7f39450aa000 r--s 0000b000 08:07 1065967                    /home/abhishek/.gradle/wrapper/dists/gradle-3.3-all/55gk2rcmfc6p2dg9u9ohc3hw9/gradle-3.3/lib/plugins/maven-artifact-3.0.4.jar
7f39450aa000-7f39450ac000 r--s 00026000 08:07 1065966                    /home/abhishek/.gradle/wrapper/dists/gradle-3.3-all/55gk2rcmfc6p2dg9u9ohc3hw9/gradle-3.3/lib/plugins/maven-model-3.0.4.jar
7f39450ac000-7f39450b0000 r--s 00021000 08:07 1065965                    /home/abhishek/.gradle/wrapper/dists/gradle-3.3-all/55gk2rcmfc6p2dg9u9ohc3hw9/gradle-3.3/lib/plugins/maven-model-builder-3.0.4.jar
7f39450b0000-7f39450b6000 r--s 0003f000 08:07 1065964                    /home/abhishek/.gradle/wrapper/dists/gradle-3.3-all/55gk2rcmfc6p2dg9u9ohc3hw9/gradle-3.3/lib/plugins/maven-compat-3.0.4.jar
7f39450b6000-7f39450b7000 r--s 00006000 08:07 1065963                    /home/abhishek/.gradle/wrapper/dists/gradle-3.3-all/55gk2rcmfc6p2dg9u9ohc3hw9/gradle-3.3/lib/plugins/plexus-sec-dispatcher-1.3.jar
7f39450b7000-7f39450b9000 r--s 00002000 08:07 1065962                    /home/abhishek/.gradle/wrapper/dists/gradle-3.3-all/55gk2rcmfc6p2dg9u9ohc3hw9/gradle-3.3/lib/plugins/plexus-cipher-1.7.jar
7f39450b9000-7f39450bb000 r--s 0000a000 08:07 1065961                    /home/abhishek/.gradle/wrapper/dists/gradle-3.3-all/55gk2rcmfc6p2dg9u9ohc3hw9/gradle-3.3/lib/plugins/plexus-classworlds-2.4.jar
7f39450bb000-7f39450c2000 r--s 0002e000 08:07 1065960                    /home/abhishek/.gradle/wrapper/dists/gradle-3.3-all/55gk2rcmfc6p2dg9u9ohc3hw9/gradle-3.3/lib/plugins/plexus-container-default-1.5.5.jar
7f39450c2000-7f39450c4000 r--s 00000000 08:07 1065991                    /home/abhishek/.gradle/wrapper/dists/gradle-3.3-all/55gk2rcmfc6p2dg9u9ohc3hw9/gradle-3.3/lib/plugins/plexus-component-annotations-1.5.5.jar
7f39450c4000-7f39450c6000 r--s 0000d000 08:07 1065959                    /home/abhishek/.gradle/wrapper/dists/gradle-3.3-all/55gk2rcmfc6p2dg9u9ohc3hw9/gradle-3.3/lib/plugins/plexus-interpolation-1.14.jar
7f39450c6000-7f39450ca000 r--s 00033000 08:07 1065958                    /home/abhishek/.gradle/wrapper/dists/gradle-3.3-all/55gk2rcmfc6p2dg9u9ohc3hw9/gradle-3.3/lib/plugins/plexus-utils-2.0.6.jar
7f39450ca000-7f39450cd000 r--s 00008000 08:07 1065957                    /home/abhishek/.gradle/wrapper/dists/gradle-3.3-all/55gk2rcmfc6p2dg9u9ohc3hw9/gradle-3.3/lib/plugins/maven-settings-builder-3.0.4.jar
7f39450cd000-7f39450cf000 r--s 0000a000 08:07 1065956                    /home/abhishek/.gradle/wrapper/dists/gradle-3.3-all/55gk2rcmfc6p2dg9u9ohc3hw9/gradle-3.3/lib/plugins/maven-settings-3.0.4.jar
7f39450cf000-7f394510f000 r--s 00277000 08:07 1065951                    /home/abhishek/.gradle/wrapper/dists/gradle-3.3-all/55gk2rcmfc6p2dg9u9ohc3hw9/gradle-3.3/lib/plugins/bcprov-jdk15on-1.51.jar
7f394510f000-7f394511b000 r--s 0007d000 08:07 1065928                    /home/abhishek/.gradle/wrapper/dists/gradle-3.3-all/55gk2rcmfc6p2dg9u9ohc3hw9/gradle-3.3/lib/plugins/maven-core-3.0.4.jar
7f394511b000-7f394513a000 r--s 000f6000 08:07 1065913                    /home/abhishek/.gradle/wrapper/dists/gradle-3.3-all/55gk2rcmfc6p2dg9u9ohc3hw9/gradle-3.3/lib/plugins/gradle-dependency-management-3.3.jar
7f394513a000-7f3945150000 r-xp 00000000 08:07 275836                     /lib/x86_64-linux-gnu/libgcc_s.so.1
7f3945150000-7f394534f000 ---p 00016000 08:07 275836                     /lib/x86_64-linux-gnu/libgcc_s.so.1
7f394534f000-7f3945350000 rw-p 00015000 08:07 275836                     /lib/x86_64-linux-gnu/libgcc_s.so.1
7f3945350000-7f3945436000 r-xp 00000000 08:07 1441817                    /usr/lib/x86_64-linux-gnu/libstdc++.so.6.0.19
7f3945436000-7f3945635000 ---p 000e6000 08:07 1441817                    /usr/lib/x86_64-linux-gnu/libstdc++.so.6.0.19
7f3945635000-7f394563d000 r--p 000e5000 08:07 1441817                    /usr/lib/x86_64-linux-gnu/libstdc++.so.6.0.19
7f394563d000-7f394563f000 rw-p 000ed000 08:07 1441817                    /usr/lib/x86_64-linux-gnu/libstdc++.so.6.0.19
7f394563f000-7f3945654000 rw-p 00000000 00:00 0 
7f3945654000-7f3945659000 r--s 00040000 08:07 1065941                    /home/abhishek/.gradle/wrapper/dists/gradle-3.3-all/55gk2rcmfc6p2dg9u9ohc3hw9/gradle-3.3/lib/plugins/jsch-0.1.53.jar
7f3945659000-7f394565d000 r--s 0001d000 08:07 1065950                    /home/abhishek/.gradle/wrapper/dists/gradle-3.3-all/55gk2rcmfc6p2dg9u9ohc3hw9/gradle-3.3/lib/plugins/xbean-reflect-3.4.jar
7f394565d000-7f3945662000 r--s 00034000 08:07 1065934                    /home/abhishek/.gradle/wrapper/dists/gradle-3.3-all/55gk2rcmfc6p2dg9u9ohc3hw9/gradle-3.3/lib/plugins/gson-2.7.jar
7f3945662000-7f3945671000 r--s 000d9000 08:07 1065949                    /home/abhishek/.gradle/wrapper/dists/gradle-3.3-all/55gk2rcmfc6p2dg9u9ohc3hw9/gradle-3.3/lib/plugins/ivy-2.2.0.jar
7f3945671000-7f3945673000 r--s 00005000 08:07 1065911                    /home/abhishek/.gradle/wrapper/dists/gradle-3.3-all/55gk2rcmfc6p2dg9u9ohc3hw9/gradle-3.3/lib/plugins/gradle-workers-3.3.jar
7f3945673000-7f3945678000 r-xp 00000000 08:07 1069147                    /home/abhishek/.gradle/native/23/linux-amd64/libnative-platform.so
7f3945678000-7f3945877000 ---p 00005000 08:07 1069147                    /home/abhishek/.gradle/native/23/linux-amd64/libnative-platform.so
7f3945877000-7f3945878000 rw-p 00004000 08:07 1069147                    /home/abhishek/.gradle/native/23/linux-amd64/libnative-platform.so
7f3945878000-7f3945889000 r-xp 00000000 08:07 1854272                    /usr/local/android-studio/jre/jre/lib/amd64/libnio.so
7f3945889000-7f3945a88000 ---p 00011000 08:07 1854272                    /usr/local/android-studio/jre/jre/lib/amd64/libnio.so
7f3945a88000-7f3945a89000 r--p 00010000 08:07 1854272                    /usr/local/android-studio/jre/jre/lib/amd64/libnio.so
7f3945a89000-7f3945a8a000 rw-p 00011000 08:07 1854272                    /usr/local/android-studio/jre/jre/lib/amd64/libnio.so
7f3945a8a000-7f3945aa1000 r-xp 00000000 08:07 1854271                    /usr/local/android-studio/jre/jre/lib/amd64/libnet.so
7f3945aa1000-7f3945ca0000 ---p 00017000 08:07 1854271                    /usr/local/android-studio/jre/jre/lib/amd64/libnet.so
7f3945ca0000-7f3945ca1000 r--p 00016000 08:07 1854271                    /usr/local/android-studio/jre/jre/lib/amd64/libnet.so
7f3945ca1000-7f3945ca2000 rw-p 00017000 08:07 1854271                    /usr/local/android-studio/jre/jre/lib/amd64/libnet.so
7f3945ca2000-7f3945ca3000 r--s 00006000 08:07 1065788                    /home/abhishek/.gradle/wrapper/dists/gradle-3.3-all/55gk2rcmfc6p2dg9u9ohc3hw9/gradle-3.3/lib/gradle-wrapper-3.3.jar
7f3945ca3000-7f3945cb0000 r--s 00041000 08:07 1065795                    /home/abhishek/.gradle/wrapper/dists/gradle-3.3-all/55gk2rcmfc6p2dg9u9ohc3hw9/gradle-3.3/lib/gradle-tooling-api-3.3.jar
7f3945cb0000-7f3945cb2000 r--s 00002000 08:07 1065817                    /home/abhishek/.gradle/wrapper/dists/gradle-3.3-all/55gk2rcmfc6p2dg9u9ohc3hw9/gradle-3.3/lib/gradle-open-api-3.3.jar
7f3945cb2000-7f3945cb8000 r--s 00032000 08:07 1065819                    /home/abhishek/.gradle/wrapper/dists/gradle-3.3-all/55gk2rcmfc6p2dg9u9ohc3hw9/gradle-3.3/lib/jaxen-1.1.jar
7f3945cb8000-7f3945cbd000 r--s 00048000 08:07 1065818                    /home/abhishek/.gradle/wrapper/dists/gradle-3.3-all/55gk2rcmfc6p2dg9u9ohc3hw9/gradle-3.3/lib/dom4j-1.6.1.jar
7f3945cbd000-7f3945cc8000 r--s 00059000 08:07 1065794                    /home/abhishek/.gradle/wrapper/dists/gradle-3.3-all/55gk2rcmfc6p2dg9u9ohc3hw9/gradle-3.3/lib/gradle-ui-3.3.jar
7f3945cc8000-7f3945cd1000 r--s 0008c000 08:07 1065786                    /home/abhishek/.gradle/wrapper/dists/gradle-3.3-all/55gk2rcmfc6p2dg9u9ohc3hw9/gradle-3.3/lib/kotlin-stdlib-1.1-M02.jar
7f3945cd1000-7f3945cd7000 r--s 0002a000 08:07 1065784                    /home/abhishek/.gradle/wrapper/dists/gradle-3.3-all/55gk2rcmfc6p2dg9u9ohc3hw9/gradle-3.3/lib/kotlin-runtime-1.1-M02.jar
7f3945cd7000-7f3945d0b000 r--s 00256000 08:07 1065783                    /home/abhishek/.gradle/wrapper/dists/gradle-3.3-all/55gk2rcmfc6p2dg9u9ohc3hw9/gradle-3.3/lib/kotlin-reflect-1.1-M02.jar
7f3945d0b000-7f3945ea1000 r--s 0157e000 08:07 1065782                    /home/abhishek/.gradle/wrapper/dists/gradle-3.3-all/55gk2rcmfc6p2dg9u9ohc3hw9/gradle-3.3/lib/kotlin-compiler-embeddable-1.1-M02.jar
7f3945ea1000-7f3945ea9000 r--s 0004e000 08:07 1065781                    /home/abhishek/.gradle/wrapper/dists/gradle-3.3-all/55gk2rcmfc6p2dg9u9ohc3hw9/gradle-3.3/lib/gradle-script-kotlin-0.5.1.jar
7f3945ea9000-7f3945eac000 r--s 0000b000 08:07 1065815                    /home/abhishek/.gradle/wrapper/dists/gradle-3.3-all/55gk2rcmfc6p2dg9u9ohc3hw9/gradle-3.3/lib/gradle-resources-3.3.jar
7f3945eac000-7f3945eae000 r--s 00003000 08:07 1065824                    /home/abhishek/.gradle/wrapper/dists/gradle-3.3-all/55gk2rcmfc6p2dg9u9ohc3hw9/gradle-3.3/lib/jcl-over-slf4j-1.7.10.jar
7f3945eae000-7f3945eaf000 r--s 00005000 08:07 1065823                    /home/abhishek/.gradle/wrapper/dists/gradle-3.3-all/55gk2rcmfc6p2dg9u9ohc3hw9/gradle-3.3/lib/log4j-over-slf4j-1.7.10.jar
7f3945eaf000-7f3945eb1000 r--s 00000000 08:07 1065822                    /home/abhishek/.gradle/wrapper/dists/gradle-3.3-all/55gk2rcmfc6p2dg9u9ohc3hw9/gradle-3.3/lib/jul-to-slf4j-1.7.10.jar
7f3945eb1000-7f3945eb6000 r--s 0001e000 08:07 1065797                    /home/abhishek/.gradle/wrapper/dists/gradle-3.3-all/55gk2rcmfc6p2dg9u9ohc3hw9/gradle-3.3/lib/gradle-logging-3.3.jar
7f3945eb6000-7f3945eb8000 r--s 00007000 08:07 1065845                    /home/abhishek/.gradle/wrapper/dists/gradle-3.3-all/55gk2rcmfc6p2dg9u9ohc3hw9/gradle-3.3/lib/objenesis-1.2.jar
7f3945eb8000-7f3945eba000 r--s 00000000 08:07 1065843                    /home/abhishek/.gradle/wrapper/dists/gradle-3.3-all/55gk2rcmfc6p2dg9u9ohc3hw9/gradle-3.3/lib/minlog-1.2.jar
7f3945eba000-7f3945ebc000 r--s 0000f000 08:07 1065842                    /home/abhishek/.gradle/wrapper/dists/gradle-3.3-all/55gk2rcmfc6p2dg9u9ohc3hw9/gradle-3.3/lib/reflectasm-1.07-shaded.jar
7f3945ebc000-7f3945ec0000 r--s 00026000 08:07 1065826                    /home/abhishek/.gradle/wrapper/dists/gradle-3.3-all/55gk2rcmfc6p2dg9u9ohc3hw9/gradle-3.3/lib/kryo-2.20.jar
7f3945ec0000-7f3945ec6000 r--s 00027000 08:07 1065814                    /home/abhishek/.gradle/wrapper/dists/gradle-3.3-all/55gk2rcmfc6p2dg9u9ohc3hw9/gradle-3.3/lib/gradle-messaging-3.3.jar
7f3945ec6000-7f3945ec7000 r--s 00001000 08:07 1065840                    /home/abhishek/.gradle/wrapper/dists/gradle-3.3-all/55gk2rcmfc6p2dg9u9ohc3hw9/gradle-3.3/lib/native-platform-linux-i386-ncurses6-0.12.jar
7f3945ec7000-7f3945ec8000 r--s 00001000 08:07 1065839                    /home/abhishek/.gradle/wrapper/dists/gradle-3.3-all/55gk2rcmfc6p2dg9u9ohc3hw9/gradle-3.3/lib/native-platform-linux-i386-ncurses5-0.12.jar
7f3945ec8000-7f3945ec9000 r--s 00001000 08:07 1065838                    /home/abhishek/.gradle/wrapper/dists/gradle-3.3-all/55gk2rcmfc6p2dg9u9ohc3hw9/gradle-3.3/lib/native-platform-linux-amd64-ncurses6-0.12.jar
7f3945ec9000-7f3945eca000 r--s 00001000 08:07 1065837                    /home/abhishek/.gradle/wrapper/dists/gradle-3.3-all/55gk2rcmfc6p2dg9u9ohc3hw9/gradle-3.3/lib/native-platform-linux-amd64-ncurses5-0.12.jar
7f3945eca000-7f3945ecb000 r--s 0000b000 08:07 1065836                    /home/abhishek/.gradle/wrapper/dists/gradle-3.3-all/55gk2rcmfc6p2dg9u9ohc3hw9/gradle-3.3/lib/native-platform-windows-i386-0.12.jar
7f3945ecb000-7f3945ecd000 r--s 0000b000 08:07 1065835                    /home/abhishek/.gradle/wrapper/dists/gradle-3.3-all/55gk2rcmfc6p2dg9u9ohc3hw9/gradle-3.3/lib/native-platform-windows-amd64-0.12.jar
7f3945ecd000-7f3945ecf000 r--s 00002000 08:07 1065834                    /home/abhishek/.gradle/wrapper/dists/gradle-3.3-all/55gk2rcmfc6p2dg9u9ohc3hw9/gradle-3.3/lib/native-platform-osx-i386-0.12.jar
7f3945ecf000-7f3945ed0000 r--s 00002000 08:07 1065833                    /home/abhishek/.gradle/wrapper/dists/gradle-3.3-all/55gk2rcmfc6p2dg9u9ohc3hw9/gradle-3.3/lib/native-platform-osx-amd64-0.12.jar
7f3945ed0000-7f3945ed1000 r--s 00002000 08:07 1065832                    /home/abhishek/.gradle/wrapper/dists/gradle-3.3-all/55gk2rcmfc6p2dg9u9ohc3hw9/gradle-3.3/lib/native-platform-linux-i386-0.12.jar
7f3945ed1000-7f3945ed2000 r--s 00002000 08:07 1065831                    /home/abhishek/.gradle/wrapper/dists/gradle-3.3-all/55gk2rcmfc6p2dg9u9ohc3hw9/gradle-3.3/lib/native-platform-linux-amd64-0.12.jar
7f3945ed2000-7f3945ed3000 r--s 00003000 08:07 1065830                    /home/abhishek/.gradle/wrapper/dists/gradle-3.3-all/55gk2rcmfc6p2dg9u9ohc3hw9/gradle-3.3/lib/native-platform-freebsd-i386-libstdcpp-0.12.jar
7f3945ed3000-7f3945ed4000 r--s 00004000 08:07 1065829                    /home/abhishek/.gradle/wrapper/dists/gradle-3.3-all/55gk2rcmfc6p2dg9u9ohc3hw9/gradle-3.3/lib/native-platform-freebsd-i386-libcpp-0.12.jar
7f3945ed4000-7f3945ed6000 r--s 00003000 08:07 1065828                    /home/abhishek/.gradle/wrapper/dists/gradle-3.3-all/55gk2rcmfc6p2dg9u9ohc3hw9/gradle-3.3/lib/native-platform-freebsd-amd64-libstdcpp-0.12.jar
7f3945ed6000-7f3945ed9000 r--s 00023000 08:07 1065821                    /home/abhishek/.gradle/wrapper/dists/gradle-3.3-all/55gk2rcmfc6p2dg9u9ohc3hw9/gradle-3.3/lib/jansi-1.14.jar
7f3945ed9000-7f3945edd000 r--s 00011000 08:07 1065820                    /home/abhishek/.gradle/wrapper/dists/gradle-3.3-all/55gk2rcmfc6p2dg9u9ohc3hw9/gradle-3.3/lib/native-platform-0.12.jar
7f3945edd000-7f3945ee0000 r--s 0000a000 08:07 1065796                    /home/abhishek/.gradle/wrapper/dists/gradle-3.3-all/55gk2rcmfc6p2dg9u9ohc3hw9/gradle-3.3/lib/gradle-native-3.3.jar
7f3945ee0000-7f3945ee2000 r--s 00005000 08:07 1065793                    /home/abhishek/.gradle/wrapper/dists/gradle-3.3-all/55gk2rcmfc6p2dg9u9ohc3hw9/gradle-3.3/lib/gradle-cli-3.3.jar
7f3945ee2000-7f3945ee4000 r--s 00007000 08:07 1065805                    /home/abhishek/.gradle/wrapper/dists/gradle-3.3-all/55gk2rcmfc6p2dg9u9ohc3hw9/gradle-3.3/lib/gradle-model-groovy-3.3.jar
7f3945ee4000-7f3945ee6000 r--s 00006000 08:07 1065813                    /home/abhishek/.gradle/wrapper/dists/gradle-3.3-all/55gk2rcmfc6p2dg9u9ohc3hw9/gradle-3.3/lib/gradle-base-services-groovy-3.3.jar
7f3945ee6000-7f3945ef5000 r--s 0007f000 08:07 1065804                    /home/abhishek/.gradle/wrapper/dists/gradle-3.3-all/55gk2rcmfc6p2dg9u9ohc3hw9/gradle-3.3/lib/gradle-model-core-3.3.jar
7f3945ef5000-7f3945f02000 r--s 00083000 08:07 1065808                    /home/abhishek/.gradle/wrapper/dists/gradle-3.3-all/55gk2rcmfc6p2dg9u9ohc3hw9/gradle-3.3/lib/commons-collections-3.2.2.jar
7f3945f02000-7f3945f72000 r--s 00641000 08:07 1065803                    /home/abhishek/.gradle/wrapper/dists/gradle-3.3-all/55gk2rcmfc6p2dg9u9ohc3hw9/gradle-3.3/lib/groovy-all-2.4.7.jar
7f3945f72000-7f3945f9a000 r--s 001cf000 08:07 1065799                    /home/abhishek/.gradle/wrapper/dists/gradle-3.3-all/55gk2rcmfc6p2dg9u9ohc3hw9/gradle-3.3/lib/guava-jdk5-17.0.jar
7f3945f9a000-7f3945fb9000 r--s 001d1000 08:07 1065807                    /home/abhishek/.gradle/wrapper/dists/gradle-3.3-all/55gk2rcmfc6p2dg9u9ohc3hw9/gradle-3.3/lib/ant-1.9.6.jar
7f3945fb9000-7f3945ff6000 r--s 001f8000 08:07 1065792                    /home/abhishek/.gradle/wrapper/dists/gradle-3.3-all/55gk2rcmfc6p2dg9u9ohc3hw9/gradle-3.3/lib/gradle-core-3.3.jar
7f3945ff6000-7f3945ff7000 ---p 00000000 00:00 0 
7f3945ff7000-7f39460f7000 rw-p 00000000 00:00 0                          [stack:3525]
7f39460f7000-7f39460fa000 ---p 00000000 00:00 0 
7f39460fa000-7f39461f8000 rw-p 00000000 00:00 0                          [stack:3524]
7f39461f8000-7f39461fb000 ---p 00000000 00:00 0 
7f39461fb000-7f39462f9000 rw-p 00000000 00:00 0                          [stack:3523]
7f39462f9000-7f39462fc000 ---p 00000000 00:00 0 
7f39462fc000-7f39463fa000 rw-p 00000000 00:00 0                          [stack:3522]
7f39463fa000-7f39463fd000 ---p 00000000 00:00 0 
7f39463fd000-7f39464fb000 rw-p 00000000 00:00 0                          [stack:3521]
7f39464fb000-7f39464fe000 ---p 00000000 00:00 0 
7f39464fe000-7f39465fc000 rw-p 00000000 00:00 0                          [stack:3520]
7f39465fc000-7f3946cde000 r--p 00000000 08:07 1450011                    /usr/lib/locale/locale-archive
7f3946cde000-7f3946ce1000 ---p 00000000 00:00 0 
7f3946ce1000-7f3946ddf000 rw-p 00000000 00:00 0                          [stack:3519]
7f3946ddf000-7f3946de2000 ---p 00000000 00:00 0 
7f3946de2000-7f3946ee0000 rw-p 00000000 00:00 0                          [stack:3518]
7f3946ee0000-7f3946ee1000 ---p 00000000 00:00 0 
7f3946ee1000-7f3947e31000 rw-p 00000000 00:00 0                          [stack:3517]
7f3947e31000-7f3948000000 r--s 03c1b000 08:07 1732735                    /usr/local/android-studio/jre/jre/lib/rt.jar
7f3948000000-7f394802e000 rw-p 00000000 00:00 0 
7f394802e000-7f394c000000 ---p 00000000 00:00 0 
7f394c000000-7f394fd07000 rw-p 00000000 00:00 0 
7f394fd07000-7f394fd08000 ---p 00000000 00:00 0 
7f394fd08000-7f394fe08000 rw-p 00000000 00:00 0                          [stack:3514]
7f394fe08000-7f394fe09000 ---p 00000000 00:00 0 
7f394fe09000-7f394ff09000 rw-p 00000000 00:00 0                          [stack:3513]
7f394ff09000-7f394ff0a000 ---p 00000000 00:00 0 
7f394ff0a000-7f395000a000 rw-p 00000000 00:00 0                          [stack:3512]
7f395000a000-7f395000b000 ---p 00000000 00:00 0 
7f395000b000-7f3950140000 rw-p 00000000 00:00 0                          [stack:3511]
7f3950140000-7f395030b000 ---p 00000000 00:00 0 
7f395030b000-7f3950340000 rw-p 00000000 00:00 0 
7f3950340000-7f395050b000 ---p 00000000 00:00 0 
7f395050b000-7f395060b000 rw-p 00000000 00:00 0 
7f395060b000-7f3950679000 rw-p 00000000 00:00 0 
7f3950679000-7f39509cc000 ---p 00000000 00:00 0 
7f39509cc000-7f39524dc000 rwxp 00000000 00:00 0 
7f39524dc000-7f395f9cc000 ---p 00000000 00:00 0 
7f395f9cc000-7f395f9e6000 r-xp 00000000 08:07 1854256                    /usr/local/android-studio/jre/jre/lib/amd64/libzip.so
7f395f9e6000-7f395fbe6000 ---p 0001a000 08:07 1854256                    /usr/local/android-studio/jre/jre/lib/amd64/libzip.so
7f395fbe6000-7f395fbe7000 r--p 0001a000 08:07 1854256                    /usr/local/android-studio/jre/jre/lib/amd64/libzip.so
7f395fbe7000-7f395fbe8000 rw-p 0001b000 08:07 1854256                    /usr/local/android-studio/jre/jre/lib/amd64/libzip.so
7f395fbe8000-7f395fbf2000 r-xp 00000000 08:07 275820                     /lib/x86_64-linux-gnu/libnss_files-2.19.so
7f395fbf2000-7f395fdf2000 ---p 0000a000 08:07 275820                     /lib/x86_64-linux-gnu/libnss_files-2.19.so
7f395fdf2000-7f395fdf3000 r--p 0000a000 08:07 275820                     /lib/x86_64-linux-gnu/libnss_files-2.19.so
7f395fdf3000-7f395fdf4000 rw-p 0000b000 08:07 275820                     /lib/x86_64-linux-gnu/libnss_files-2.19.so
7f395fdf4000-7f395fdff000 r-xp 00000000 08:07 275770                     /lib/x86_64-linux-gnu/libnss_nis-2.19.so
7f395fdff000-7f395fffe000 ---p 0000b000 08:07 275770                     /lib/x86_64-linux-gnu/libnss_nis-2.19.so
7f395fffe000-7f395ffff000 r--p 0000a000 08:07 275770                     /lib/x86_64-linux-gnu/libnss_nis-2.19.so
7f395ffff000-7f3960000000 rw-p 0000b000 08:07 275770                     /lib/x86_64-linux-gnu/libnss_nis-2.19.so
7f3960000000-7f3960d97000 rw-p 00000000 00:00 0 
7f3960d97000-7f3964000000 ---p 00000000 00:00 0 
7f3964000000-7f3964001000 r--s 00004000 08:07 1065827                    /home/abhishek/.gradle/wrapper/dists/gradle-3.3-all/55gk2rcmfc6p2dg9u9ohc3hw9/gradle-3.3/lib/native-platform-freebsd-amd64-libcpp-0.12.jar
7f3964001000-7f3964002000 r--s 00002000 08:07 1065816                    /home/abhishek/.gradle/wrapper/dists/gradle-3.3-all/55gk2rcmfc6p2dg9u9ohc3hw9/gradle-3.3/lib/gradle-docs-3.3.jar
7f3964002000-7f3964019000 r-xp 00000000 08:07 275746                     /lib/x86_64-linux-gnu/libnsl-2.19.so
7f3964019000-7f3964218000 ---p 00017000 08:07 275746                     /lib/x86_64-linux-gnu/libnsl-2.19.so
7f3964218000-7f3964219000 r--p 00016000 08:07 275746                     /lib/x86_64-linux-gnu/libnsl-2.19.so
7f3964219000-7f396421a000 rw-p 00017000 08:07 275746                     /lib/x86_64-linux-gnu/libnsl-2.19.so
7f396421a000-7f396421c000 rw-p 00000000 00:00 0 
7f396421c000-7f3964225000 r-xp 00000000 08:07 275727                     /lib/x86_64-linux-gnu/libnss_compat-2.19.so
7f3964225000-7f3964424000 ---p 00009000 08:07 275727                     /lib/x86_64-linux-gnu/libnss_compat-2.19.so
7f3964424000-7f3964425000 r--p 00008000 08:07 275727                     /lib/x86_64-linux-gnu/libnss_compat-2.19.so
7f3964425000-7f3964426000 rw-p 00009000 08:07 275727                     /lib/x86_64-linux-gnu/libnss_compat-2.19.so
7f3964426000-7f3964453000 r-xp 00000000 08:07 1854274                    /usr/local/android-studio/jre/jre/lib/amd64/libjava.so
7f3964453000-7f3964652000 ---p 0002d000 08:07 1854274                    /usr/local/android-studio/jre/jre/lib/amd64/libjava.so
7f3964652000-7f3964653000 r--p 0002c000 08:07 1854274                    /usr/local/android-studio/jre/jre/lib/amd64/libjava.so
7f3964653000-7f3964655000 rw-p 0002d000 08:07 1854274                    /usr/local/android-studio/jre/jre/lib/amd64/libjava.so
7f3964655000-7f3964665000 r-xp 00000000 08:07 1854245                    /usr/local/android-studio/jre/jre/lib/amd64/libverify.so
7f3964665000-7f3964864000 ---p 00010000 08:07 1854245                    /usr/local/android-studio/jre/jre/lib/amd64/libverify.so
7f3964864000-7f3964866000 r--p 0000f000 08:07 1854245                    /usr/local/android-studio/jre/jre/lib/amd64/libverify.so
7f3964866000-7f3964867000 rw-p 00011000 08:07 1854245                    /usr/local/android-studio/jre/jre/lib/amd64/libverify.so
7f3964867000-7f396486e000 r-xp 00000000 08:07 275775                     /lib/x86_64-linux-gnu/librt-2.19.so
7f396486e000-7f3964a6d000 ---p 00007000 08:07 275775                     /lib/x86_64-linux-gnu/librt-2.19.so
7f3964a6d000-7f3964a6e000 r--p 00006000 08:07 275775                     /lib/x86_64-linux-gnu/librt-2.19.so
7f3964a6e000-7f3964a6f000 rw-p 00007000 08:07 275775                     /lib/x86_64-linux-gnu/librt-2.19.so
7f3964a6f000-7f3964b74000 r-xp 00000000 08:07 275693                     /lib/x86_64-linux-gnu/libm-2.19.so
7f3964b74000-7f3964d73000 ---p 00105000 08:07 275693                     /lib/x86_64-linux-gnu/libm-2.19.so
7f3964d73000-7f3964d74000 r--p 00104000 08:07 275693                     /lib/x86_64-linux-gnu/libm-2.19.so
7f3964d74000-7f3964d75000 rw-p 00105000 08:07 275693                     /lib/x86_64-linux-gnu/libm-2.19.so
7f3964d75000-7f3965966000 r-xp 00000000 08:07 1854254                    /usr/local/android-studio/jre/jre/lib/amd64/server/libjvm.so
7f3965966000-7f3965b66000 ---p 00bf1000 08:07 1854254                    /usr/local/android-studio/jre/jre/lib/amd64/server/libjvm.so
7f3965b66000-7f3965c05000 r--p 00bf1000 08:07 1854254                    /usr/local/android-studio/jre/jre/lib/amd64/server/libjvm.so
7f3965c05000-7f3965c2e000 rw-p 00c90000 08:07 1854254                    /usr/local/android-studio/jre/jre/lib/amd64/server/libjvm.so
7f3965c2e000-7f3965c72000 rw-p 00000000 00:00 0 
7f3965c72000-7f3965c8b000 r-xp 00000000 08:07 275760                     /lib/x86_64-linux-gnu/libpthread-2.19.so
7f3965c8b000-7f3965e8a000 ---p 00019000 08:07 275760                     /lib/x86_64-linux-gnu/libpthread-2.19.so
7f3965e8a000-7f3965e8b000 r--p 00018000 08:07 275760                     /lib/x86_64-linux-gnu/libpthread-2.19.so
7f3965e8b000-7f3965e8c000 rw-p 00019000 08:07 275760                     /lib/x86_64-linux-gnu/libpthread-2.19.so
7f3965e8c000-7f3965e90000 rw-p 00000000 00:00 0 
7f3965e90000-7f3965e93000 r-xp 00000000 08:07 275709                     /lib/x86_64-linux-gnu/libdl-2.19.so
7f3965e93000-7f3966092000 ---p 00003000 08:07 275709                     /lib/x86_64-linux-gnu/libdl-2.19.so
7f3966092000-7f3966093000 r--p 00002000 08:07 275709                     /lib/x86_64-linux-gnu/libdl-2.19.so
7f3966093000-7f3966094000 rw-p 00003000 08:07 275709                     /lib/x86_64-linux-gnu/libdl-2.19.so
7f3966094000-7f396624e000 r-xp 00000000 08:07 275776                     /lib/x86_64-linux-gnu/libc-2.19.so
7f396624e000-7f396644e000 ---p 001ba000 08:07 275776                     /lib/x86_64-linux-gnu/libc-2.19.so
7f396644e000-7f3966452000 r--p 001ba000 08:07 275776                     /lib/x86_64-linux-gnu/libc-2.19.so
7f3966452000-7f3966454000 rw-p 001be000 08:07 275776                     /lib/x86_64-linux-gnu/libc-2.19.so
7f3966454000-7f3966459000 rw-p 00000000 00:00 0 
7f3966459000-7f396646f000 r-xp 00000000 08:07 1732707                    /usr/local/android-studio/jre/lib/amd64/jli/libjli.so
7f396646f000-7f396666e000 ---p 00016000 08:07 1732707                    /usr/local/android-studio/jre/lib/amd64/jli/libjli.so
7f396666e000-7f396666f000 r--p 00015000 08:07 1732707                    /usr/local/android-studio/jre/lib/amd64/jli/libjli.so
7f396666f000-7f3966670000 rw-p 00016000 08:07 1732707                    /usr/local/android-studio/jre/lib/amd64/jli/libjli.so
7f3966670000-7f3966693000 r-xp 00000000 08:07 275761                     /lib/x86_64-linux-gnu/ld-2.19.so
7f3966693000-7f3966694000 r--s 00000000 08:07 1065812                    /home/abhishek/.gradle/wrapper/dists/gradle-3.3-all/55gk2rcmfc6p2dg9u9ohc3hw9/gradle-3.3/lib/javax.inject-1.jar
7f3966694000-7f3966695000 r--s 00000000 08:07 1065811                    /home/abhishek/.gradle/wrapper/dists/gradle-3.3-all/55gk2rcmfc6p2dg9u9ohc3hw9/gradle-3.3/lib/jcip-annotations-1.0.jar
7f3966695000-7f3966699000 r--s 00027000 08:07 1065810                    /home/abhishek/.gradle/wrapper/dists/gradle-3.3-all/55gk2rcmfc6p2dg9u9ohc3hw9/gradle-3.3/lib/commons-io-2.2.jar
7f3966699000-7f396669e000 r--s 00038000 08:07 1065806                    /home/abhishek/.gradle/wrapper/dists/gradle-3.3-all/55gk2rcmfc6p2dg9u9ohc3hw9/gradle-3.3/lib/asm-all-5.1.jar
7f396669e000-7f396669f000 r--s 00001000 08:07 1065802                    /home/abhishek/.gradle/wrapper/dists/gradle-3.3-all/55gk2rcmfc6p2dg9u9ohc3hw9/gradle-3.3/lib/gradle-process-services-3.3.jar
7f396669f000-7f39666a1000 r--s 00000000 08:07 1065791                    /home/abhishek/.gradle/wrapper/dists/gradle-3.3-all/55gk2rcmfc6p2dg9u9ohc3hw9/gradle-3.3/lib/gradle-jvm-services-3.3.jar
7f39666a1000-7f39666aa000 r--s 00042000 08:07 1065790                    /home/abhishek/.gradle/wrapper/dists/gradle-3.3-all/55gk2rcmfc6p2dg9u9ohc3hw9/gradle-3.3/lib/gradle-base-services-3.3.jar
7f39666aa000-7f396676c000 rw-p 00000000 00:00 0 
7f396676c000-7f396676f000 ---p 00000000 00:00 0 
7f396676f000-7f3966871000 rw-p 00000000 00:00 0                          [stack:3510]
7f3966871000-7f3966872000 r--s 00000000 08:07 1065995                    /home/abhishek/.gradle/wrapper/dists/gradle-3.3-all/55gk2rcmfc6p2dg9u9ohc3hw9/gradle-3.3/lib/gradle-version-info-3.3.jar
7f3966872000-7f3966877000 r--s 00041000 08:07 1065800                    /home/abhishek/.gradle/wrapper/dists/gradle-3.3-all/55gk2rcmfc6p2dg9u9ohc3hw9/gradle-3.3/lib/commons-lang-2.6.jar
7f3966877000-7f3966878000 r--s 00007000 08:07 1065798                    /home/abhishek/.gradle/wrapper/dists/gradle-3.3-all/55gk2rcmfc6p2dg9u9ohc3hw9/gradle-3.3/lib/slf4j-api-1.7.10.jar
7f3966878000-7f3966879000 r--s 00004000 08:07 1065825                    /home/abhishek/.gradle/wrapper/dists/gradle-3.3-all/55gk2rcmfc6p2dg9u9ohc3hw9/gradle-3.3/lib/ant-launcher-1.9.6.jar
7f3966879000-7f3966886000 r--s 0005c000 08:07 1065787                    /home/abhishek/.gradle/wrapper/dists/gradle-3.3-all/55gk2rcmfc6p2dg9u9ohc3hw9/gradle-3.3/lib/gradle-launcher-3.3.jar
7f3966886000-7f396688e000 rw-s 00000000 08:07 1321116                    /tmp/hsperfdata_abhishek/3509
7f396688e000-7f396688f000 rw-p 00000000 00:00 0 
7f396688f000-7f3966890000 ---p 00000000 00:00 0 
7f3966890000-7f3966892000 rw-p 00000000 00:00 0 
7f3966892000-7f3966893000 r--p 00022000 08:07 275761                     /lib/x86_64-linux-gnu/ld-2.19.so
7f3966893000-7f3966894000 rw-p 00023000 08:07 275761                     /lib/x86_64-linux-gnu/ld-2.19.so
7f3966894000-7f3966895000 rw-p 00000000 00:00 0 
7ffd283d0000-7ffd283f2000 rw-p 00000000 00:00 0                          [stack]
7ffd283f5000-7ffd283f7000 r-xp 00000000 00:00 0                          [vdso]
7ffd283f7000-7ffd283f9000 r--p 00000000 00:00 0                          [vvar]
ffffffffff600000-ffffffffff601000 r-xp 00000000 00:00 0                  [vsyscall]

VM Arguments:
jvm_args: -Xmx1536m -Dfile.encoding=UTF-8 -Duser.country=IN -Duser.language=en -Duser.variant 
java_command: org.gradle.launcher.daemon.bootstrap.GradleDaemon 3.3
java_class_path (initial): /home/abhishek/.gradle/wrapper/dists/gradle-3.3-all/55gk2rcmfc6p2dg9u9ohc3hw9/gradle-3.3/lib/gradle-launcher-3.3.jar
Launcher Type: SUN_STANDARD

Environment Variables:
JAVA_HOME=/usr/lib/jvm/java-8-oracle
PATH=/home/abhishek/bin:/usr/local/sbin:/usr/local/bin:/usr/sbin:/usr/bin:/sbin:/bin:/usr/games:/usr/local/games:/usr/lib/jvm/java-8-oracle/bin:/usr/lib/jvm/java-8-oracle/db/bin:/usr/lib/jvm/java-8-oracle/jre/bin
LD_LIBRARY_PATH=.:
SHELL=/bin/bash
DISPLAY=:0

Signal Handlers:
SIGSEGV: [libjvm.so+0x9e5150], sa_mask[0]=11111111011111111101111111111110, sa_flags=SA_RESTART|SA_SIGINFO
SIGBUS: [libjvm.so+0x9e5150], sa_mask[0]=11111111011111111101111111111110, sa_flags=SA_RESTART|SA_SIGINFO
SIGFPE: [libjvm.so+0x848450], sa_mask[0]=11111111011111111101111111111110, sa_flags=SA_RESTART|SA_SIGINFO
SIGPIPE: [libjvm.so+0x848450], sa_mask[0]=11111111011111111101111111111110, sa_flags=SA_RESTART|SA_SIGINFO
SIGXFSZ: [libjvm.so+0x848450], sa_mask[0]=11111111011111111101111111111110, sa_flags=SA_RESTART|SA_SIGINFO
SIGILL: [libjvm.so+0x848450], sa_mask[0]=11111111011111111101111111111110, sa_flags=SA_RESTART|SA_SIGINFO
SIGUSR1: SIG_DFL, sa_mask[0]=00000000000000000000000000000000, sa_flags=none
SIGUSR2: [libjvm.so+0x848320], sa_mask[0]=00100000000000000000000000000000, sa_flags=SA_RESTART|SA_SIGINFO
SIGHUP: [libjvm.so+0x848510], sa_mask[0]=11111111011111111101111111111110, sa_flags=SA_RESTART|SA_SIGINFO
SIGINT: [libjvm.so+0x848510], sa_mask[0]=11111111011111111101111111111110, sa_flags=SA_RESTART|SA_SIGINFO
SIGTERM: [libjvm.so+0x848510], sa_mask[0]=11111111011111111101111111111110, sa_flags=SA_RESTART|SA_SIGINFO
SIGQUIT: [libjvm.so+0x848510], sa_mask[0]=11111111011111111101111111111110, sa_flags=SA_RESTART|SA_SIGINFO


---------------  S Y S T E M  ---------------

OS:DISTRIB_ID=Ubuntu
DISTRIB_RELEASE=14.04
DISTRIB_CODENAME=trusty
DISTRIB_DESCRIPTION="Ubuntu 14.04.4 LTS"

uname:Linux 3.16.0-71-generic #92~14.04.1-Ubuntu SMP Thu May 12 23:31:46 UTC 2016 x86_64
libc:glibc 2.19 NPTL 2.19 
rlimit: STACK 8192k, CORE 0k, NPROC 23208, NOFILE 4096, AS infinity
load average:5.34 2.63 1.87

/proc/meminfo:
MemTotal:        5962696 kB
MemFree:          114884 kB
MemAvailable:      77636 kB
Buffers:             696 kB
Cached:           166660 kB
SwapCached:            0 kB
Active:          5432416 kB
Inactive:         134752 kB
Active(anon):    5421680 kB
Inactive(anon):    90920 kB
Active(file):      10736 kB
Inactive(file):    43832 kB
Unevictable:         200 kB
Mlocked:             200 kB
SwapTotal:             0 kB
SwapFree:              0 kB
Dirty:              1924 kB
Writeback:             0 kB
AnonPages:       5400080 kB
Mapped:           141884 kB
Shmem:            112720 kB
Slab:              80716 kB
SReclaimable:      39876 kB
SUnreclaim:        40840 kB
KernelStack:       12624 kB
PageTables:        63308 kB
NFS_Unstable:          0 kB
Bounce:                0 kB
WritebackTmp:          0 kB
CommitLimit:     2981348 kB
Committed_AS:   11722224 kB
VmallocTotal:   34359738367 kB
VmallocUsed:      106068 kB
VmallocChunk:   34359600460 kB
HardwareCorrupted:     0 kB
AnonHugePages:   1357824 kB
HugePages_Total:       0
HugePages_Free:        0
HugePages_Rsvd:        0
HugePages_Surp:        0
Hugepagesize:       2048 kB
DirectMap4k:       76272 kB
DirectMap2M:     6066176 kB


CPU:total 4 (2 cores per cpu, 2 threads per core) family 6 model 37 stepping 2, cmov, cx8, fxsr, mmx, sse, sse2, sse3, ssse3, sse4.1, sse4.2, popcnt, ht, tsc, tscinvbit

/proc/cpuinfo:
processor	: 0
vendor_id	: GenuineIntel
cpu family	: 6
model		: 37
model name	: Intel(R) Core(TM) i3 CPU       M 350  @ 2.27GHz
stepping	: 2
microcode	: 0xc
cpu MHz		: 933.000
cache size	: 3072 KB
physical id	: 0
siblings	: 4
core id		: 0
cpu cores	: 2
apicid		: 0
initial apicid	: 0
fpu		: yes
fpu_exception	: yes
cpuid level	: 11
wp		: yes
flags		: fpu vme de pse tsc msr pae mce cx8 apic sep mtrr pge mca cmov pat pse36 clflush dts acpi mmx fxsr sse sse2 ss ht tm pbe syscall nx rdtscp lm constant_tsc arch_perfmon pebs bts rep_good nopl xtopology nonstop_tsc aperfmperf pni dtes64 monitor ds_cpl vmx est tm2 ssse3 cx16 xtpr pdcm sse4_1 sse4_2 popcnt lahf_lm arat dtherm tpr_shadow vnmi flexpriority ept vpid
bogomips	: 4521.94
clflush size	: 64
cache_alignment	: 64
address sizes	: 36 bits physical, 48 bits virtual
power management:

processor	: 1
vendor_id	: GenuineIntel
cpu family	: 6
model		: 37
model name	: Intel(R) Core(TM) i3 CPU       M 350  @ 2.27GHz
stepping	: 2
microcode	: 0xc
cpu MHz		: 933.000
cache size	: 3072 KB
physical id	: 0
siblings	: 4
core id		: 2
cpu cores	: 2
apicid		: 4
initial apicid	: 4
fpu		: yes
fpu_exception	: yes
cpuid level	: 11
wp		: yes
flags		: fpu vme de pse tsc msr pae mce cx8 apic sep mtrr pge mca cmov pat pse36 clflush dts acpi mmx fxsr sse sse2 ss ht tm pbe syscall nx rdtscp lm constant_tsc arch_perfmon pebs bts rep_good nopl xtopology nonstop_tsc aperfmperf pni dtes64 monitor ds_cpl vmx est tm2 ssse3 cx16 xtpr pdcm sse4_1 sse4_2 popcnt lahf_lm arat dtherm tpr_shadow vnmi flexpriority ept vpid
bogomips	: 4521.94
clflush size	: 64
cache_alignment	: 64
address sizes	: 36 bits physical, 48 bits virtual
power management:

processor	: 2
vendor_id	: GenuineIntel
cpu family	: 6
model		: 37
model name	: Intel(R) Core(TM) i3 CPU       M 350  @ 2.27GHz
stepping	: 2
microcode	: 0xc
cpu MHz		: 933.000
cache size	: 3072 KB
physical id	: 0
siblings	: 4
core id		: 0
cpu cores	: 2
apicid		: 1
initial apicid	: 1
fpu		: yes
fpu_exception	: yes
cpuid level	: 11
wp		: yes
flags		: fpu vme de pse tsc msr pae mce cx8 apic sep mtrr pge mca cmov pat pse36 clflush dts acpi mmx fxsr sse sse2 ss ht tm pbe syscall nx rdtscp lm constant_tsc arch_perfmon pebs bts rep_good nopl xtopology nonstop_tsc aperfmperf pni dtes64 monitor ds_cpl vmx est tm2 ssse3 cx16 xtpr pdcm sse4_1 sse4_2 popcnt lahf_lm arat dtherm tpr_shadow vnmi flexpriority ept vpid
bogomips	: 4521.94
clflush size	: 64
cache_alignment	: 64
address sizes	: 36 bits physical, 48 bits virtual
power management:

processor	: 3
vendor_id	: GenuineIntel
cpu family	: 6
model		: 37
model name	: Intel(R) Core(TM) i3 CPU       M 350  @ 2.27GHz
stepping	: 2
microcode	: 0xc
cpu MHz		: 2266.000
cache size	: 3072 KB
physical id	: 0
siblings	: 4
core id		: 2
cpu cores	: 2
apicid		: 5
initial apicid	: 5
fpu		: yes
fpu_exception	: yes
cpuid level	: 11
wp		: yes
flags		: fpu vme de pse tsc msr pae mce cx8 apic sep mtrr pge mca cmov pat pse36 clflush dts acpi mmx fxsr sse sse2 ss ht tm pbe syscall nx rdtscp lm constant_tsc arch_perfmon pebs bts rep_good nopl xtopology nonstop_tsc aperfmperf pni dtes64 monitor ds_cpl vmx est tm2 ssse3 cx16 xtpr pdcm sse4_1 sse4_2 popcnt lahf_lm arat dtherm tpr_shadow vnmi flexpriority ept vpid
bogomips	: 4521.94
clflush size	: 64
cache_alignment	: 64
address sizes	: 36 bits physical, 48 bits virtual
power management:



Memory: 4k page, physical 5962696k(114884k free), swap 0k(0k free)

vm_info: OpenJDK 64-Bit Server VM (25.112-b06) for linux-amd64 JRE (1.8.0_112-release-b06), built on Dec  6 2016 12:11:18 by "builder" with gcc 4.8.4

time: Mon Mar 27 00:15:13 2017
elapsed time: 1563 seconds (0d 0h 26m 3s)

